#
# A fatal error has been detected by the Java Runtime Environment:
#
#  EXCEPTION_ACCESS_VIOLATION (0xc0000005) at pc=0x00007ff8bcfdfbdd, pid=10868, tid=14508
#
# JRE version: OpenJDK Runtime Environment Microsoft-11369940 (21.0.7+6) (build 21.0.7+6-LTS)
# Java VM: OpenJDK 64-Bit Server VM Microsoft-11369940 (21.0.7+6-LTS, mixed mode, sharing, tiered, compressed oops, compressed class ptrs, g1 gc, windows-amd64)
# Problematic frame:
# C  [lwjgl_opengl.dll+0xfbdd]
#
# No core dump will be written. Minidumps are not enabled by default on client versions of Windows
#
# If you would like to submit a bug report, please visit:
#   https://github.com/microsoft/openjdk/issues
# The crash happened outside the Java Virtual Machine in native code.
# See problematic frame for where to report the bug.
#

---------------  S U M M A R Y ------------

Command Line: -Dfile.encoding=UTF-8 -Duser.country=KR -Duser.language=ko -Duser.variant Main

Host: AMD Ryzen 7 5800X 8-Core Processor             , 16 cores, 31G,  Windows 10 , 64 bit Build 19041 (10.0.19041.5678)
Time: Mon May 26 22:17:36 2025  Windows 10 , 64 bit Build 19041 (10.0.19041.5678) elapsed time: 0.299297 seconds (0d 0h 0m 0s)

---------------  T H R E A D  ---------------

Current thread (0x000001ecbc2faef0):  JavaThread "main"             [_thread_in_native, id=14508, stack(0x00000015d2300000,0x00000015d2400000) (1024K)]

Stack: [0x00000015d2300000,0x00000015d2400000],  sp=0x00000015d23fedf8,  free space=1019k
Native frames: (J=compiled Java code, j=interpreted, Vv=VM code, C=native code)
C  [lwjgl_opengl.dll+0xfbdd]

Java frames: (J=compiled Java code, j=interpreted, Vv=VM code)
j  org.lwjgl.opengl.GL30C.nglGenVertexArrays(IJ)V+0
j  org.lwjgl.opengl.GL30C.glGenVertexArrays()I+20
j  org.lwjgl.opengl.GL30.glGenVertexArrays()I+0
j  Main.loop()V+50
j  Main.run()V+13
j  Main.main([Ljava/lang/String;)V+7
v  ~StubRoutines::call_stub 0x000001ecce1e100d

siginfo: EXCEPTION_ACCESS_VIOLATION (0xc0000005), reading address 0x00000000000013c8


Registers:
RAX=0x000001ed290aa380, RBX=0x000001ed255749a8, RCX=0x0000000000000001, RDX=0x000001ed2918cf8c
RSP=0x00000015d23fedf8, RBP=0x00000015d23fee80, RSI=0x000001ed25170878, RDI=0x0000000000000001
R8 =0x0000000000000001, R9 =0x000001ed2918cf8c, R10=0x0000000000000000, R11=0x0000000621043328
R12=0x0000000000000000, R13=0x000001ed255749a8, R14=0x00000015d23feeb0, R15=0x000001ecbc2faef0
RIP=0x00007ff8bcfdfbdd, EFLAGS=0x0000000000010206

XMM[0]=0x0000000000000000 0x0000000000000000
XMM[1]=0x0000000000000000 0x0000000000000000
XMM[2]=0x2525252525252525 0x2525252525252525
XMM[3]=0x000000000003a087 0xc749000000000000
XMM[4]=0x000001850f00087f 0x8349c90000000000
XMM[5]=0x6e65476c676e5f43 0x30334c475f6c676e
XMM[6]=0x0000000000000000 0x0000000000000000
XMM[7]=0x0000000000000000 0x0000000000000000
XMM[8]=0x0000000000000000 0x0000000000000000
XMM[9]=0x0000000000000000 0x0000000000000000
XMM[10]=0x0000000000000000 0x0000000000000000
XMM[11]=0x0000000000000000 0x0000000000000000
XMM[12]=0x0000000000000000 0x0000000000000000
XMM[13]=0x0000000000000000 0x0000000000000000
XMM[14]=0x0000000000000000 0x0000000000000000
XMM[15]=0x0000000000000000 0x0000000000000000
  MXCSR=0x00001fa0


Register to memory mapping:

RAX=0x000001ed290aa380 points into unknown readable memory: 0x0000000000000000 | 00 00 00 00 00 00 00 00
RBX={method} {0x000001ed255749b0} 'nglGenVertexArrays' '(IJ)V' in 'org/lwjgl/opengl/GL30C'
RCX=0x0000000000000001 is an unknown value
RDX=0x000001ed2918cf8c points into unknown readable memory: 00 00 00 00
RSP=0x00000015d23fedf8 is pointing into the stack for thread: 0x000001ecbc2faef0
RBP=0x00000015d23fee80 is pointing into the stack for thread: 0x000001ecbc2faef0
RSI=0x000001ed25170878 is pointing into metadata
RDI=0x0000000000000001 is an unknown value
R8 =0x0000000000000001 is an unknown value
R9 =0x000001ed2918cf8c points into unknown readable memory: 00 00 00 00
R10=0x0 is null
R11=0x0000000621043328 is an oop: java.lang.Class 
{0x0000000621043328} - klass: 'java/lang/Class'
 - ---- fields (total size 130 words):
 - private volatile transient 'classRedefinedCount' 'I' @12  0 (0x00000000)
 - injected 'klass' 'J' @16  2116965964280 (0x000001ece50119f8)
 - injected 'array_klass' 'J' @24  0 (0x0000000000000000)
 - injected 'oop_size' 'I' @32  130 (0x00000082)
 - injected 'static_oop_field_count' 'I' @36  0 (0x00000000)
 - private volatile transient 'cachedConstructor' 'Ljava/lang/reflect/Constructor;' @40  null (0x00000000)
 - private transient 'name' 'Ljava/lang/String;' @44  "org.lwjgl.opengl.GL30C"{0x0000000621043748} (0xc42086e9)
 - private transient 'module' 'Ljava/lang/Module;' @48  a 'java/lang/Module'{0x0000000621a10c48} (0xc4342189)
 - private final 'classLoader' 'Ljava/lang/ClassLoader;' @52  a 'jdk/internal/loader/ClassLoaders$AppClassLoader'{0x0000000621a10a88} (0xc4342151)
 - private transient 'classData' 'Ljava/lang/Object;' @56  null (0x00000000)
 - private transient 'packageName' 'Ljava/lang/String;' @60  "org.lwjgl.opengl"{0x00000006216b7f60} (0xc42d6fec)
 - private final 'componentType' 'Ljava/lang/Class;' @64  null (0x00000000)
 - private volatile transient 'reflectionData' 'Ljava/lang/ref/SoftReference;' @68  null (0x00000000)
 - private volatile transient 'genericInfo' 'Lsun/reflect/generics/repository/ClassRepository;' @72  null (0x00000000)
 - private volatile transient 'enumConstants' '[Ljava/lang/Object;' @76  null (0x00000000)
 - private volatile transient 'enumConstantDirectory' 'Ljava/util/Map;' @80  null (0x00000000)
 - private volatile transient 'annotationData' 'Ljava/lang/Class$AnnotationData;' @84  null (0x00000000)
 - private volatile transient 'annotationType' 'Lsun/reflect/annotation/AnnotationType;' @88  null (0x00000000)
 - transient 'classValueMap' 'Ljava/lang/ClassValue$ClassValueMap;' @92  null (0x00000000)
 - injected 'protection_domain' 'Ljava/lang/Object;' @96  a 'java/security/ProtectionDomain'{0x00000006216dcdb0} (0xc42db9b6)
 - injected 'signers_name' 'Ljava/lang/Object;' @100  null (0x00000000)
 - injected 'source_file' 'Ljava/lang/Object;' @104  null (0x00000000)
 - injected '<init_lock>' 'Ljava/lang/Object;' @108  null (0x00000000)
 - signature: Lorg/lwjgl/opengl/GL30C;
 - ---- static fields (0):
 - public static final 'GL_MAJOR_VERSION' 'I' @112  33307 (0x0000821b)
 - public static final 'GL_MINOR_VERSION' 'I' @116  33308 (0x0000821c)
 - public static final 'GL_NUM_EXTENSIONS' 'I' @120  33309 (0x0000821d)
 - public static final 'GL_CONTEXT_FLAGS' 'I' @124  33310 (0x0000821e)
 - public static final 'GL_CONTEXT_FLAG_FORWARD_COMPATIBLE_BIT' 'I' @128  1 (0x00000001)
 - public static final 'GL_COMPARE_REF_TO_TEXTURE' 'I' @132  34894 (0x0000884e)
 - public static final 'GL_CLIP_DISTANCE0' 'I' @136  12288 (0x00003000)
 - public static final 'GL_CLIP_DISTANCE1' 'I' @140  12289 (0x00003001)
 - public static final 'GL_CLIP_DISTANCE2' 'I' @144  12290 (0x00003002)
 - public static final 'GL_CLIP_DISTANCE3' 'I' @148  12291 (0x00003003)
 - public static final 'GL_CLIP_DISTANCE4' 'I' @152  12292 (0x00003004)
 - public static final 'GL_CLIP_DISTANCE5' 'I' @156  12293 (0x00003005)
 - public static final 'GL_CLIP_DISTANCE6' 'I' @160  12294 (0x00003006)
 - public static final 'GL_CLIP_DISTANCE7' 'I' @164  12295 (0x00003007)
 - public static final 'GL_MAX_CLIP_DISTANCES' 'I' @168  3378 (0x00000d32)
 - public static final 'GL_MAX_VARYING_COMPONENTS' 'I' @172  35659 (0x00008b4b)
 - public static final 'GL_VERTEX_ATTRIB_ARRAY_INTEGER' 'I' @176  35069 (0x000088fd)
 - public static final 'GL_SAMPLER_1D_ARRAY' 'I' @180  36288 (0x00008dc0)
 - public static final 'GL_SAMPLER_2D_ARRAY' 'I' @184  36289 (0x00008dc1)
 - public static final 'GL_SAMPLER_1D_ARRAY_SHADOW' 'I' @188  36291 (0x00008dc3)
 - public static final 'GL_SAMPLER_2D_ARRAY_SHADOW' 'I' @192  36292 (0x00008dc4)
 - public static final 'GL_SAMPLER_CUBE_SHADOW' 'I' @196  36293 (0x00008dc5)
 - public static final 'GL_UNSIGNED_INT_VEC2' 'I' @200  36294 (0x00008dc6)
 - public static final 'GL_UNSIGNED_INT_VEC3' 'I' @204  36295 (0x00008dc7)
 - public static final 'GL_UNSIGNED_INT_VEC4' 'I' @208  36296 (0x00008dc8)
 - public static final 'GL_INT_SAMPLER_1D' 'I' @212  36297 (0x00008dc9)
 - public static final 'GL_INT_SAMPLER_2D' 'I' @216  36298 (0x00008dca)
 - public static final 'GL_INT_SAMPLER_3D' 'I' @220  36299 (0x00008dcb)
 - public static final 'GL_INT_SAMPLER_CUBE' 'I' @224  36300 (0x00008dcc)
 - public static final 'GL_INT_SAMPLER_1D_ARRAY' 'I' @228  36302 (0x00008dce)
 - public static final 'GL_INT_SAMPLER_2D_ARRAY' 'I' @232  36303 (0x00008dcf)
 - public static final 'GL_UNSIGNED_INT_SAMPLER_1D' 'I' @236  36305 (0x00008dd1)
 - public static final 'GL_UNSIGNED_INT_SAMPLER_2D' 'I' @240  36306 (0x00008dd2)
 - public static final 'GL_UNSIGNED_INT_SAMPLER_3D' 'I' @244  36307 (0x00008dd3)
 - public static final 'GL_UNSIGNED_INT_SAMPLER_CUBE' 'I' @248  36308 (0x00008dd4)
 - public static final 'GL_UNSIGNED_INT_SAMPLER_1D_ARRAY' 'I' @252  36310 (0x00008dd6)
 - public static final 'GL_UNSIGNED_INT_SAMPLER_2D_ARRAY' 'I' @256  36311 (0x00008dd7)
 - public static final 'GL_MIN_PROGRAM_TEXEL_OFFSET' 'I' @260  35076 (0x00008904)
 - public static final 'GL_MAX_PROGRAM_TEXEL_OFFSET' 'I' @264  35077 (0x00008905)
 - public static final 'GL_QUERY_WAIT' 'I' @268  36371 (0x00008e13)
 - public static final 'GL_QUERY_NO_WAIT' 'I' @272  36372 (0x00008e14)
 - public static final 'GL_QUERY_BY_REGION_WAIT' 'I' @276  36373 (0x00008e15)
 - public static final 'GL_QUERY_BY_REGION_NO_WAIT' 'I' @280  36374 (0x00008e16)
 - public static final 'GL_MAP_READ_BIT' 'I' @284  1 (0x00000001)
 - public static final 'GL_MAP_WRITE_BIT' 'I' @288  2 (0x00000002)
 - public static final 'GL_MAP_INVALIDATE_RANGE_BIT' 'I' @292  4 (0x00000004)
 - public static final 'GL_MAP_INVALIDATE_BUFFER_BIT' 'I' @296  8 (0x00000008)
 - public static final 'GL_MAP_FLUSH_EXPLICIT_BIT' 'I' @300  16 (0x00000010)
 - public static final 'GL_MAP_UNSYNCHRONIZED_BIT' 'I' @304  32 (0x00000020)
 - public static final 'GL_BUFFER_ACCESS_FLAGS' 'I' @308  37151 (0x0000911f)
 - public static final 'GL_BUFFER_MAP_LENGTH' 'I' @312  37152 (0x00009120)
 - public static final 'GL_BUFFER_MAP_OFFSET' 'I' @316  37153 (0x00009121)
 - public static final 'GL_CLAMP_READ_COLOR' 'I' @320  35100 (0x0000891c)
 - public static final 'GL_FIXED_ONLY' 'I' @324  35101 (0x0000891d)
 - public static final 'GL_DEPTH_COMPONENT32F' 'I' @328  36012 (0x00008cac)
 - public static final 'GL_DEPTH32F_STENCIL8' 'I' @332  36013 (0x00008cad)
 - public static final 'GL_FLOAT_32_UNSIGNED_INT_24_8_REV' 'I' @336  36269 (0x00008dad)
 - public static final 'GL_TEXTURE_RED_TYPE' 'I' @340  35856 (0x00008c10)
 - public static final 'GL_TEXTURE_GREEN_TYPE' 'I' @344  35857 (0x00008c11)
 - public static final 'GL_TEXTURE_BLUE_TYPE' 'I' @348  35858 (0x00008c12)
 - public static final 'GL_TEXTURE_ALPHA_TYPE' 'I' @352  35859 (0x00008c13)
 - public static final 'GL_TEXTURE_DEPTH_TYPE' 'I' @356  35862 (0x00008c16)
 - public static final 'GL_UNSIGNED_NORMALIZED' 'I' @360  35863 (0x00008c17)
 - public static final 'GL_RGBA32F' 'I' @364  34836 (0x00008814)
 - public static final 'GL_RGB32F' 'I' @368  34837 (0x00008815)
 - public static final 'GL_RGBA16F' 'I' @372  34842 (0x0000881a)
 - public static final 'GL_RGB16F' 'I' @376  34843 (0x0000881b)
 - public static final 'GL_R11F_G11F_B10F' 'I' @380  35898 (0x00008c3a)
 - public static final 'GL_UNSIGNED_INT_10F_11F_11F_REV' 'I' @384  35899 (0x00008c3b)
 - public static final 'GL_RGB9_E5' 'I' @388  35901 (0x00008c3d)
 - public static final 'GL_UNSIGNED_INT_5_9_9_9_REV' 'I' @392  35902 (0x00008c3e)
 - public static final 'GL_TEXTURE_SHARED_SIZE' 'I' @396  35903 (0x00008c3f)
 - public static final 'GL_FRAMEBUFFER' 'I' @400  36160 (0x00008d40)
 - public static final 'GL_READ_FRAMEBUFFER' 'I' @404  36008 (0x00008ca8)
 - public static final 'GL_DRAW_FRAMEBUFFER' 'I' @408  36009 (0x00008ca9)
 - public static final 'GL_RENDERBUFFER' 'I' @412  36161 (0x00008d41)
 - public static final 'GL_STENCIL_INDEX1' 'I' @416  36166 (0x00008d46)
 - public static final 'GL_STENCIL_INDEX4' 'I' @420  36167 (0x00008d47)
 - public static final 'GL_STENCIL_INDEX8' 'I' @424  36168 (0x00008d48)
 - public static final 'GL_STENCIL_INDEX16' 'I' @428  36169 (0x00008d49)
 - public static final 'GL_RENDERBUFFER_WIDTH' 'I' @432  36162 (0x00008d42)
 - public static final 'GL_RENDERBUFFER_HEIGHT' 'I' @436  36163 (0x00008d43)
 - public static final 'GL_RENDERBUFFER_INTERNAL_FORMAT' 'I' @440  36164 (0x00008d44)
 - public static final 'GL_RENDERBUFFER_RED_SIZE' 'I' @444  36176 (0x00008d50)
 - public static final 'GL_RENDERBUFFER_GREEN_SIZE' 'I' @448  36177 (0x00008d51)
 - public static final 'GL_RENDERBUFFER_BLUE_SIZE' 'I' @452  36178 (0x00008d52)
 - public static final 'GL_RENDERBUFFER_ALPHA_SIZE' 'I' @456  36179 (0x00008d53)
 - public static final 'GL_RENDERBUFFER_DEPTH_SIZE' 'I' @460  36180 (0x00008d54)
 - public static final 'GL_RENDERBUFFER_STENCIL_SIZE' 'I' @464  36181 (0x00008d55)
 - public static final 'GL_RENDERBUFFER_SAMPLES' 'I' @468  36011 (0x00008cab)
 - public static final 'GL_FRAMEBUFFER_ATTACHMENT_OBJECT_TYPE' 'I' @472  36048 (0x00008cd0)
 - public static final 'GL_FRAMEBUFFER_ATTACHMENT_OBJECT_NAME' 'I' @476  36049 (0x00008cd1)
 - public static final 'GL_FRAMEBUFFER_ATTACHMENT_TEXTURE_LEVEL' 'I' @480  36050 (0x00008cd2)
 - public static final 'GL_FRAMEBUFFER_ATTACHMENT_TEXTURE_CUBE_MAP_FACE' 'I' @484  36051 (0x00008cd3)
 - public static final 'GL_FRAMEBUFFER_ATTACHMENT_TEXTURE_LAYER' 'I' @488  36052 (0x00008cd4)
 - public static final 'GL_FRAMEBUFFER_ATTACHMENT_COLOR_ENCODING' 'I' @492  33296 (0x00008210)
 - public static final 'GL_FRAMEBUFFER_ATTACHMENT_COMPONENT_TYPE' 'I' @496  33297 (0x00008211)
 - public static final 'GL_FRAMEBUFFER_ATTACHMENT_RED_SIZE' 'I' @500  33298 (0x00008212)
 - public static final 'GL_FRAMEBUFFER_ATTACHMENT_GREEN_SIZE' 'I' @504  33299 (0x00008213)
 - public static final 'GL_FRAMEBUFFER_ATTACHMENT_BLUE_SIZE' 'I' @508  33300 (0x00008214)
 - public static final 'GL_FRAMEBUFFER_ATTACHMENT_ALPHA_SIZE' 'I' @512  33301 (0x00008215)
 - public static final 'GL_FRAMEBUFFER_ATTACHMENT_DEPTH_SIZE' 'I' @516  33302 (0x00008216)
 - public static final 'GL_FRAMEBUFFER_ATTACHMENT_STENCIL_SIZE' 'I' @520  33303 (0x00008217)
 - public static final 'GL_FRAMEBUFFER_DEFAULT' 'I' @524  33304 (0x00008218)
 - public static final 'GL_COLOR_ATTACHMENT0' 'I' @528  36064 (0x00008ce0)
 - public static final 'GL_COLOR_ATTACHMENT1' 'I' @532  36065 (0x00008ce1)
 - public static final 'GL_COLOR_ATTACHMENT2' 'I' @536  36066 (0x00008ce2)
 - public static final 'GL_COLOR_ATTACHMENT3' 'I' @540  36067 (0x00008ce3)
 - public static final 'GL_COLOR_ATTACHMENT4' 'I' @544  36068 (0x00008ce4)
 - public static final 'GL_COLOR_ATTACHMENT5' 'I' @548  36069 (0x00008ce5)
 - public static final 'GL_COLOR_ATTACHMENT6' 'I' @552  36070 (0x00008ce6)
 - public static final 'GL_COLOR_ATTACHMENT7' 'I' @556  36071 (0x00008ce7)
 - public static final 'GL_COLOR_ATTACHMENT8' 'I' @560  36072 (0x00008ce8)
 - public static final 'GL_COLOR_ATTACHMENT9' 'I' @564  36073 (0x00008ce9)
 - public static final 'GL_COLOR_ATTACHMENT10' 'I' @568  36074 (0x00008cea)
 - public static final 'GL_COLOR_ATTACHMENT11' 'I' @572  36075 (0x00008ceb)
 - public static final 'GL_COLOR_ATTACHMENT12' 'I' @576  36076 (0x00008cec)
 - public static final 'GL_COLOR_ATTACHMENT13' 'I' @580  36077 (0x00008ced)
 - public static final 'GL_COLOR_ATTACHMENT14' 'I' @584  36078 (0x00008cee)
 - public static final 'GL_COLOR_ATTACHMENT15' 'I' @588  36079 (0x00008cef)
 - public static final 'GL_COLOR_ATTACHMENT16' 'I' @592  36080 (0x00008cf0)
 - public static final 'GL_COLOR_ATTACHMENT17' 'I' @596  36081 (0x00008cf1)
 - public static final 'GL_COLOR_ATTACHMENT18' 'I' @600  36082 (0x00008cf2)
 - public static final 'GL_COLOR_ATTACHMENT19' 'I' @604  36083 (0x00008cf3)
 - public static final 'GL_COLOR_ATTACHMENT20' 'I' @608  36084 (0x00008cf4)
 - public static final 'GL_COLOR_ATTACHMENT21' 'I' @612  36085 (0x00008cf5)
 - public static final 'GL_COLOR_ATTACHMENT22' 'I' @616  36086 (0x00008cf6)
 - public static final 'GL_COLOR_ATTACHMENT23' 'I' @620  36087 (0x00008cf7)
 - public static final 'GL_COLOR_ATTACHMENT24' 'I' @624  36088 (0x00008cf8)
 - public static final 'GL_COLOR_ATTACHMENT25' 'I' @628  36089 (0x00008cf9)
 - public static final 'GL_COLOR_ATTACHMENT26' 'I' @632  36090 (0x00008cfa)
 - public static final 'GL_COLOR_ATTACHMENT27' 'I' @636  36091 (0x00008cfb)
 - public static final 'GL_COLOR_ATTACHMENT28' 'I' @640  36092 (0x00008cfc)
 - public static final 'GL_COLOR_ATTACHMENT29' 'I' @644  36093 (0x00008cfd)
 - public static final 'GL_COLOR_ATTACHMENT30' 'I' @648  36094 (0x00008cfe)
 - public static final 'GL_COLOR_ATTACHMENT31' 'I' @652  36095 (0x00008cff)
 - public static final 'GL_DEPTH_ATTACHMENT' 'I' @656  36096 (0x00008d00)
 - public static final 'GL_STENCIL_ATTACHMENT' 'I' @660  36128 (0x00008d20)
 - public static final 'GL_DEPTH_STENCIL_ATTACHMENT' 'I' @664  33306 (0x0000821a)
 - public static final 'GL_MAX_SAMPLES' 'I' @668  36183 (0x00008d57)
 - public static final 'GL_FRAMEBUFFER_COMPLETE' 'I' @672  36053 (0x00008cd5)
 - public static final 'GL_FRAMEBUFFER_INCOMPLETE_ATTACHMENT' 'I' @676  36054 (0x00008cd6)
 - public static final 'GL_FRAMEBUFFER_INCOMPLETE_MISSING_ATTACHMENT' 'I' @680  36055 (0x00008cd7)
 - public static final 'GL_FRAMEBUFFER_INCOMPLETE_DRAW_BUFFER' 'I' @684  36059 (0x00008cdb)
 - public static final 'GL_FRAMEBUFFER_INCOMPLETE_READ_BUFFER' 'I' @688  36060 (0x00008cdc)
 - public static final 'GL_FRAMEBUFFER_UNSUPPORTED' 'I' @692  36061 (0x00008cdd)
 - public static final 'GL_FRAMEBUFFER_INCOMPLETE_MULTISAMPLE' 'I' @696  36182 (0x00008d56)
 - public static final 'GL_FRAMEBUFFER_UNDEFINED' 'I' @700  33305 (0x00008219)
 - public static final 'GL_FRAMEBUFFER_BINDING' 'I' @704  36006 (0x00008ca6)
 - public static final 'GL_DRAW_FRAMEBUFFER_BINDING' 'I' @708  36006 (0x00008ca6)
 - public static final 'GL_READ_FRAMEBUFFER_BINDING' 'I' @712  36010 (0x00008caa)
 - public static final 'GL_RENDERBUFFER_BINDING' 'I' @716  36007 (0x00008ca7)
 - public static final 'GL_MAX_COLOR_ATTACHMENTS' 'I' @720  36063 (0x00008cdf)
 - public static final 'GL_MAX_RENDERBUFFER_SIZE' 'I' @724  34024 (0x000084e8)
 - public static final 'GL_INVALID_FRAMEBUFFER_OPERATION' 'I' @728  1286 (0x00000506)
 - public static final 'GL_DEPTH_STENCIL' 'I' @732  34041 (0x000084f9)
 - public static final 'GL_UNSIGNED_INT_24_8' 'I' @736  34042 (0x000084fa)
 - public static final 'GL_DEPTH24_STENCIL8' 'I' @740  35056 (0x000088f0)
 - public static final 'GL_TEXTURE_STENCIL_SIZE' 'I' @744  35057 (0x000088f1)
 - public static final 'GL_HALF_FLOAT' 'I' @748  5131 (0x0000140b)
 - public static final 'GL_RGBA32UI' 'I' @752  36208 (0x00008d70)
 - public static final 'GL_RGB32UI' 'I' @756  36209 (0x00008d71)
 - public static final 'GL_RGBA16UI' 'I' @760  36214 (0x00008d76)
 - public static final 'GL_RGB16UI' 'I' @764  36215 (0x00008d77)
 - public static final 'GL_RGBA8UI' 'I' @768  36220 (0x00008d7c)
 - public static final 'GL_RGB8UI' 'I' @772  36221 (0x00008d7d)
 - public static final 'GL_RGBA32I' 'I' @776  36226 (0x00008d82)
 - public static final 'GL_RGB32I' 'I' @780  36227 (0x00008d83)
 - public static final 'GL_RGBA16I' 'I' @784  36232 (0x00008d88)
 - public static final 'GL_RGB16I' 'I' @788  36233 (0x00008d89)
 - public static final 'GL_RGBA8I' 'I' @792  36238 (0x00008d8e)
 - public static final 'GL_RGB8I' 'I' @796  36239 (0x00008d8f)
 - public static final 'GL_RED_INTEGER' 'I' @800  36244 (0x00008d94)
 - public static final 'GL_GREEN_INTEGER' 'I' @804  36245 (0x00008d95)
 - public static final 'GL_BLUE_INTEGER' 'I' @808  36246 (0x00008d96)
 - public static final 'GL_RGB_INTEGER' 'I' @812  36248 (0x00008d98)
 - public static final 'GL_RGBA_INTEGER' 'I' @816  36249 (0x00008d99)
 - public static final 'GL_BGR_INTEGER' 'I' @820  36250 (0x00008d9a)
 - public static final 'GL_BGRA_INTEGER' 'I' @824  36251 (0x00008d9b)
 - public static final 'GL_TEXTURE_1D_ARRAY' 'I' @828  35864 (0x00008c18)
 - public static final 'GL_TEXTURE_2D_ARRAY' 'I' @832  35866 (0x00008c1a)
 - public static final 'GL_PROXY_TEXTURE_2D_ARRAY' 'I' @836  35867 (0x00008c1b)
 - public static final 'GL_PROXY_TEXTURE_1D_ARRAY' 'I' @840  35865 (0x00008c19)
 - public static final 'GL_TEXTURE_BINDING_1D_ARRAY' 'I' @844  35868 (0x00008c1c)
 - public static final 'GL_TEXTURE_BINDING_2D_ARRAY' 'I' @848  35869 (0x00008c1d)
 - public static final 'GL_MAX_ARRAY_TEXTURE_LAYERS' 'I' @852  35071 (0x000088ff)
 - public static final 'GL_COMPRESSED_RED_RGTC1' 'I' @856  36283 (0x00008dbb)
 - public static final 'GL_COMPRESSED_SIGNED_RED_RGTC1' 'I' @860  36284 (0x00008dbc)
 - public static final 'GL_COMPRESSED_RG_RGTC2' 'I' @864  36285 (0x00008dbd)
 - public static final 'GL_COMPRESSED_SIGNED_RG_RGTC2' 'I' @868  36286 (0x00008dbe)
 - public static final 'GL_R8' 'I' @872  33321 (0x00008229)
 - public static final 'GL_R16' 'I' @876  33322 (0x0000822a)
 - public static final 'GL_RG8' 'I' @880  33323 (0x0000822b)
 - public static final 'GL_RG16' 'I' @884  33324 (0x0000822c)
 - public static final 'GL_R16F' 'I' @888  33325 (0x0000822d)
 - public static final 'GL_R32F' 'I' @892  33326 (0x0000822e)
 - public static final 'GL_RG16F' 'I' @896  33327 (0x0000822f)
 - public static final 'GL_RG32F' 'I' @900  33328 (0x00008230)
 - public static final 'GL_R8I' 'I' @904  33329 (0x00008231)
 - public static final 'GL_R8UI' 'I' @908  33330 (0x00008232)
 - public static final 'GL_R16I' 'I' @912  33331 (0x00008233)
 - public static final 'GL_R16UI' 'I' @916  33332 (0x00008234)
 - public static final 'GL_R32I' 'I' @920  33333 (0x00008235)
 - public static final 'GL_R32UI' 'I' @924  33334 (0x00008236)
 - public static final 'GL_RG8I' 'I' @928  33335 (0x00008237)
 - public static final 'GL_RG8UI' 'I' @932  33336 (0x00008238)
 - public static final 'GL_RG16I' 'I' @936  33337 (0x00008239)
 - public static final 'GL_RG16UI' 'I' @940  33338 (0x0000823a)
 - public static final 'GL_RG32I' 'I' @944  33339 (0x0000823b)
 - public static final 'GL_RG32UI' 'I' @948  33340 (0x0000823c)
 - public static final 'GL_RG' 'I' @952  33319 (0x00008227)
 - public static final 'GL_COMPRESSED_RED' 'I' @956  33317 (0x00008225)
 - public static final 'GL_COMPRESSED_RG' 'I' @960  33318 (0x00008226)
 - public static final 'GL_RG_INTEGER' 'I' @964  33320 (0x00008228)
 - public static final 'GL_TRANSFORM_FEEDBACK_BUFFER' 'I' @968  35982 (0x00008c8e)
 - public static final 'GL_TRANSFORM_FEEDBACK_BUFFER_START' 'I' @972  35972 (0x00008c84)
 - public static final 'GL_TRANSFORM_FEEDBACK_BUFFER_SIZE' 'I' @976  35973 (0x00008c85)
 - public static final 'GL_TRANSFORM_FEEDBACK_BUFFER_BINDING' 'I' @980  35983 (0x00008c8f)
 - public static final 'GL_INTERLEAVED_ATTRIBS' 'I' @984  35980 (0x00008c8c)
 - public static final 'GL_SEPARATE_ATTRIBS' 'I' @988  35981 (0x00008c8d)
 - public static final 'GL_PRIMITIVES_GENERATED' 'I' @992  35975 (0x00008c87)
 - public static final 'GL_TRANSFORM_FEEDBACK_PRIMITIVES_WRITTEN' 'I' @996  35976 (0x00008c88)
 - public static final 'GL_RASTERIZER_DISCARD' 'I' @1000  35977 (0x00008c89)
 - public static final 'GL_MAX_TRANSFORM_FEEDBACK_INTERLEAVED_COMPONENTS' 'I' @1004  35978 (0x00008c8a)
 - public static final 'GL_MAX_TRANSFORM_FEEDBACK_SEPARATE_ATTRIBS' 'I' @1008  35979 (0x00008c8b)
 - public static final 'GL_MAX_TRANSFORM_FEEDBACK_SEPARATE_COMPONENTS' 'I' @1012  35968 (0x00008c80)
 - public static final 'GL_TRANSFORM_FEEDBACK_VARYINGS' 'I' @1016  35971 (0x00008c83)
 - public static final 'GL_TRANSFORM_FEEDBACK_BUFFER_MODE' 'I' @1020  35967 (0x00008c7f)
 - public static final 'GL_TRANSFORM_FEEDBACK_VARYING_MAX_LENGTH' 'I' @1024  35958 (0x00008c76)
 - public static final 'GL_VERTEX_ARRAY_BINDING' 'I' @1028  34229 (0x000085b5)
 - public static final 'GL_FRAMEBUFFER_SRGB' 'I' @1032  36281 (0x00008db9)
R12=0x0 is null
R13={method} {0x000001ed255749b0} 'nglGenVertexArrays' '(IJ)V' in 'org/lwjgl/opengl/GL30C'
R14=0x00000015d23feeb0 is pointing into the stack for thread: 0x000001ecbc2faef0
R15=0x000001ecbc2faef0 is a thread

Top of Stack: (sp=0x00000015d23fedf8)
0x00000015d23fedf8:   000001ecce1ece4b 0000000000000001
0x00000015d23fee08:   000001ecce1ecb37 000001ed255749a8
0x00000015d23fee18:   000001ed25170878 00000015d23fee98
0x00000015d23fee28:   000001ecce1e893e 000001ecce1ecadf
0x00000015d23fee38:   00000015d23fee38 000001ed255749a8
0x00000015d23fee48:   0000000000000006 000001ed255b44b0
0x00000015d23fee58:   0000000000000000 0000000621043328
0x00000015d23fee68:   000001ed255749a8 0000000000000000
0x00000015d23fee78:   00000015d23feea0 00000015d23fef00
0x00000015d23fee88:   000001ecce1e8860 0000000621043328
0x00000015d23fee98:   000001ecce1ea3d7 000001ed2918cf8c
0x00000015d23feea8:   0000000000000000 0000000000000001
0x00000015d23feeb8:   00000015d23feeb8 000001ed25574b2c
0x00000015d23feec8:   0000000000000006 000001ed255b44b0
0x00000015d23feed8:   0000000000000000 0000000621043328
0x00000015d23feee8:   000001ed25574b98 00000015d23feea0
0x00000015d23feef8:   00000015d23fef38 00000015d23fef80
0x00000015d23fef08:   000001ecce1e8988 0000000000000000
0x00000015d23fef18:   0000000000000000 000000062104c940
0x00000015d23fef28:   0000000000010000 00000006215afea0
0x00000015d23fef38:   00000015d23fef38 000001ed254ff800
0x00000015d23fef48:   0000000000000001 000001ed25569c18
0x00000015d23fef58:   0000000000000000 00000006217744d0
0x00000015d23fef68:   000001ed254ff818 00000015d23fef38
0x00000015d23fef78:   00000015d23fef90 00000015d23fefd8
0x00000015d23fef88:   000001ecce1e8988 00000015d23fef90
0x00000015d23fef98:   000001ed25400fca 0000000000000008
0x00000015d23fefa8:   000001ed25401290 0000000000000000
0x00000015d23fefb8:   0000000621a42408 000001ed25401110
0x00000015d23fefc8:   00000015d23fef90 00000015d23ff018
0x00000015d23fefd8:   00000015d23ff068 000001ecce1e8860
0x00000015d23fefe8:   0000000000000000 0000000000000000 

Instructions: (pc=0x00007ff8bcfdfbdd)
0x00007ff8bcfdfadd:   98 13 00 00 cc cc cc cc cc cc cc cc cc cc cc cc
0x00007ff8bcfdfaed:   cc cc cc 48 8b 01 48 8b 48 18 48 ff a1 a0 13 00
0x00007ff8bcfdfafd:   00 cc cc 40 53 48 8b 01 41 8b d8 4c 8b 44 24 30
0x00007ff8bcfdfb0d:   41 8b d1 44 8b 4c 24 38 8b cb 4c 8b 50 18 5b 49
0x00007ff8bcfdfb1d:   ff a2 a8 13 00 00 cc cc cc cc cc cc cc cc cc cc
0x00007ff8bcfdfb2d:   cc cc cc 40 53 48 83 ec 40 48 8b 01 41 8b d8 44
0x00007ff8bcfdfb3d:   8b 44 24 70 41 8b d1 4c 8b 4c 24 78 8b cb 4c 8b
0x00007ff8bcfdfb4d:   50 18 48 8b 84 24 90 00 00 00 48 89 44 24 30 48
0x00007ff8bcfdfb5d:   8b 84 24 88 00 00 00 48 89 44 24 28 48 8b 84 24
0x00007ff8bcfdfb6d:   80 00 00 00 48 89 44 24 20 41 ff 92 b0 13 00 00
0x00007ff8bcfdfb7d:   48 83 c4 40 5b c3 cc cc cc cc cc cc cc cc cc cc
0x00007ff8bcfdfb8d:   cc cc cc 48 8b 01 41 8b c8 48 8b 50 18 48 ff a2
0x00007ff8bcfdfb9d:   b8 13 00 00 cc cc cc cc cc cc cc cc cc cc cc cc
0x00007ff8bcfdfbad:   cc cc cc 48 8b 01 49 8b d1 41 8b c8 4c 8b 50 18
0x00007ff8bcfdfbbd:   49 ff a2 c0 13 00 00 cc cc cc cc cc cc cc cc cc
0x00007ff8bcfdfbcd:   cc cc cc 48 8b 01 49 8b d1 41 8b c8 4c 8b 50 18
0x00007ff8bcfdfbdd:   49 ff a2 c8 13 00 00 cc cc cc cc cc cc cc cc cc
0x00007ff8bcfdfbed:   cc cc cc 48 8b 01 48 8b 48 18 48 8b 81 d0 13 00
0x00007ff8bcfdfbfd:   00 41 8b c8 48 ff e0 cc cc cc cc cc cc cc cc cc
0x00007ff8bcfdfc0d:   cc cc cc 40 53 48 8b 01 41 8b d8 44 8b 44 24 30
0x00007ff8bcfdfc1d:   41 8b d1 44 8b 4c 24 38 8b cb 4c 8b 50 18 5b 49
0x00007ff8bcfdfc2d:   ff a2 d8 13 00 00 cc cc cc cc cc cc cc cc cc cc
0x00007ff8bcfdfc3d:   cc cc cc 40 53 48 8b 01 41 8b d8 44 8b 44 24 30
0x00007ff8bcfdfc4d:   41 8b d1 4c 8b 4c 24 38 8b cb 4c 8b 50 18 8b 44
0x00007ff8bcfdfc5d:   24 40 89 44 24 30 5b 49 ff a2 e0 13 00 00 cc cc
0x00007ff8bcfdfc6d:   cc cc cc 40 53 48 8b 01 41 8b d8 4c 8b 44 24 30
0x00007ff8bcfdfc7d:   41 8b d1 4c 8b 4c 24 38 8b cb 4c 8b 50 18 48 8b
0x00007ff8bcfdfc8d:   44 24 40 48 89 44 24 30 5b 49 ff a2 e8 13 00 00
0x00007ff8bcfdfc9d:   cc cc cc 48 8b 01 41 8b c8 48 8b 50 18 48 ff a2
0x00007ff8bcfdfcad:   f0 13 00 00 cc cc cc cc cc cc cc cc cc cc cc cc
0x00007ff8bcfdfcbd:   cc cc cc 48 8b 01 45 8b d8 44 8b 44 24 28 41 8b
0x00007ff8bcfdfccd:   d1 41 8b cb 4c 8b 50 18 49 ff a2 f8 13 00 00 cc 


Stack slot to memory mapping:

stack at sp + 0 slots: 0x000001ecce1ece4b is at code_begin+1067 in an Interpreter codelet
native method entry point (kind = native)  [0x000001ecce1eca20, 0x000001ecce1ed548]  2856 bytes
stack at sp + 1 slots: 0x0000000000000001 is an unknown value
stack at sp + 2 slots: 0x000001ecce1ecb37 is at code_begin+279 in an Interpreter codelet
native method entry point (kind = native)  [0x000001ecce1eca20, 0x000001ecce1ed548]  2856 bytes
stack at sp + 3 slots: {method} {0x000001ed255749b0} 'nglGenVertexArrays' '(IJ)V' in 'org/lwjgl/opengl/GL30C'
stack at sp + 4 slots: 0x000001ed25170878 is pointing into metadata
stack at sp + 5 slots: 0x00000015d23fee98 is pointing into the stack for thread: 0x000001ecbc2faef0
stack at sp + 6 slots: 0x000001ecce1e893e is at code_begin+1406 in an Interpreter codelet
return entry points  [0x000001ecce1e83c0, 0x000001ecce1e8f60]  2976 bytes
stack at sp + 7 slots: 0x000001ecce1ecadf is at code_begin+191 in an Interpreter codelet
native method entry point (kind = native)  [0x000001ecce1eca20, 0x000001ecce1ed548]  2856 bytes


---------------  P R O C E S S  ---------------

Threads class SMR info:
_java_thread_list=0x000001ed29507710, length=13, elements={
0x000001ecbc2faef0, 0x000001ece358db10, 0x000001ece358ea20, 0x000001ece35917f0,
0x000001ece35949c0, 0x000001ece3595820, 0x000001ece3596880, 0x000001ece359cb10,
0x000001ece359d5a0, 0x000001ece36c71c0, 0x000001ece36c9c80, 0x000001ece3708080,
0x000001ece370c8c0
}

Java Threads: ( => current thread )
=>0x000001ecbc2faef0 JavaThread "main"                              [_thread_in_native, id=14508, stack(0x00000015d2300000,0x00000015d2400000) (1024K)]
  0x000001ece358db10 JavaThread "Reference Handler"          daemon [_thread_blocked, id=17484, stack(0x00000015d2b00000,0x00000015d2c00000) (1024K)]
  0x000001ece358ea20 JavaThread "Finalizer"                  daemon [_thread_blocked, id=19388, stack(0x00000015d2c00000,0x00000015d2d00000) (1024K)]
  0x000001ece35917f0 JavaThread "Signal Dispatcher"          daemon [_thread_blocked, id=4580, stack(0x00000015d2d00000,0x00000015d2e00000) (1024K)]
  0x000001ece35949c0 JavaThread "Attach Listener"            daemon [_thread_blocked, id=19760, stack(0x00000015d2e00000,0x00000015d2f00000) (1024K)]
  0x000001ece3595820 JavaThread "Service Thread"             daemon [_thread_blocked, id=13604, stack(0x00000015d2f00000,0x00000015d3000000) (1024K)]
  0x000001ece3596880 JavaThread "Monitor Deflation Thread"   daemon [_thread_blocked, id=12072, stack(0x00000015d3000000,0x00000015d3100000) (1024K)]
  0x000001ece359cb10 JavaThread "C2 CompilerThread0"         daemon [_thread_blocked, id=14000, stack(0x00000015d3100000,0x00000015d3200000) (1024K)]
  0x000001ece359d5a0 JavaThread "C1 CompilerThread0"         daemon [_thread_blocked, id=20752, stack(0x00000015d3200000,0x00000015d3300000) (1024K)]
  0x000001ece36c71c0 JavaThread "C1 CompilerThread1"         daemon [_thread_blocked, id=16964, stack(0x00000015d3300000,0x00000015d3400000) (1024K)]
  0x000001ece36c9c80 JavaThread "C1 CompilerThread2"         daemon [_thread_blocked, id=1356, stack(0x00000015d3400000,0x00000015d3500000) (1024K)]
  0x000001ece3708080 JavaThread "Notification Thread"        daemon [_thread_blocked, id=10448, stack(0x00000015d3500000,0x00000015d3600000) (1024K)]
  0x000001ece370c8c0 JavaThread "Common-Cleaner"             daemon [_thread_blocked, id=22248, stack(0x00000015d3600000,0x00000015d3700000) (1024K)]
Total: 13

Other Threads:
  0x000001ece2dfcab0 VMThread "VM Thread"                           [id=10168, stack(0x00000015d2a00000,0x00000015d2b00000) (1024K)]
  0x000001ece2de3f90 WatcherThread "VM Periodic Task Thread"        [id=19420, stack(0x00000015d2900000,0x00000015d2a00000) (1024K)]
  0x000001ecbe732670 WorkerThread "GC Thread#0"                     [id=7616, stack(0x00000015d2400000,0x00000015d2500000) (1024K)]
  0x000001ecbe743710 ConcurrentGCThread "G1 Main Marker"            [id=8676, stack(0x00000015d2500000,0x00000015d2600000) (1024K)]
  0x000001ecbe745b70 WorkerThread "G1 Conc#0"                       [id=3128, stack(0x00000015d2600000,0x00000015d2700000) (1024K)]
  0x000001ece2ca4830 ConcurrentGCThread "G1 Refine#0"               [id=3608, stack(0x00000015d2700000,0x00000015d2800000) (1024K)]
  0x000001ece2ca53a0 ConcurrentGCThread "G1 Service"                [id=16476, stack(0x00000015d2800000,0x00000015d2900000) (1024K)]
Total: 7

Threads with active compile tasks:
Total: 0

VM state: not at safepoint (normal execution)

VM Mutex/Monitor currently owned by a thread: None

Heap address: 0x0000000601c00000, size: 8164 MB, Compressed Oops mode: Zero based, Oop shift amount: 3

CDS archive(s) mapped at: [0x000001ece4000000-0x000001ece4c80000-0x000001ece4c80000), size 13107200, SharedBaseAddress: 0x000001ece4000000, ArchiveRelocationMode: 1.
Compressed class space mapped at: 0x000001ece5000000-0x000001ed25000000, reserved size: 1073741824
Narrow klass base: 0x000001ece4000000, Narrow klass shift: 0, Narrow klass range: 0x100000000

GC Precious Log:
 CardTable entry size: 512
 Card Set container configuration: InlinePtr #cards 4 size 8 Array Of Cards #cards 32 size 80 Howl #buckets 8 coarsen threshold 7372 Howl Bitmap #cards 1024 size 144 coarsen threshold 921 Card regions per heap region 1 cards per card region 8192
 CPUs: 16 total, 16 available
 Memory: 32650M
 Large Page Support: Disabled
 NUMA Support: Disabled
 Compressed Oops: Enabled (Zero based)
 Heap Region Size: 4M
 Heap Min Capacity: 8M
 Heap Initial Capacity: 512M
 Heap Max Capacity: 8164M
 Pre-touch: Disabled
 Parallel Workers: 13
 Concurrent Workers: 3
 Concurrent Refinement Workers: 13
 Periodic GC: Disabled

Heap:
 garbage-first heap   total 524288K, used 8192K [0x0000000601c00000, 0x0000000800000000)
  region size 4096K, 3 young (12288K), 0 survivors (0K)
 Metaspace       used 3477K, committed 3584K, reserved 1114112K
  class space    used 201K, committed 256K, reserved 1048576K

Heap Regions: E=young(eden), S=young(survivor), O=old, HS=humongous(starts), HC=humongous(continues), CS=collection set, F=free, TAMS=top-at-mark-start, PB=parsable bottom
|   0|0x0000000601c00000, 0x0000000601c00000, 0x0000000602000000|  0%| F|  |TAMS 0x0000000601c00000| PB 0x0000000601c00000| Untracked 
|   1|0x0000000602000000, 0x0000000602000000, 0x0000000602400000|  0%| F|  |TAMS 0x0000000602000000| PB 0x0000000602000000| Untracked 
|   2|0x0000000602400000, 0x0000000602400000, 0x0000000602800000|  0%| F|  |TAMS 0x0000000602400000| PB 0x0000000602400000| Untracked 
|   3|0x0000000602800000, 0x0000000602800000, 0x0000000602c00000|  0%| F|  |TAMS 0x0000000602800000| PB 0x0000000602800000| Untracked 
|   4|0x0000000602c00000, 0x0000000602c00000, 0x0000000603000000|  0%| F|  |TAMS 0x0000000602c00000| PB 0x0000000602c00000| Untracked 
|   5|0x0000000603000000, 0x0000000603000000, 0x0000000603400000|  0%| F|  |TAMS 0x0000000603000000| PB 0x0000000603000000| Untracked 
|   6|0x0000000603400000, 0x0000000603400000, 0x0000000603800000|  0%| F|  |TAMS 0x0000000603400000| PB 0x0000000603400000| Untracked 
|   7|0x0000000603800000, 0x0000000603800000, 0x0000000603c00000|  0%| F|  |TAMS 0x0000000603800000| PB 0x0000000603800000| Untracked 
|   8|0x0000000603c00000, 0x0000000603c00000, 0x0000000604000000|  0%| F|  |TAMS 0x0000000603c00000| PB 0x0000000603c00000| Untracked 
|   9|0x0000000604000000, 0x0000000604000000, 0x0000000604400000|  0%| F|  |TAMS 0x0000000604000000| PB 0x0000000604000000| Untracked 
|  10|0x0000000604400000, 0x0000000604400000, 0x0000000604800000|  0%| F|  |TAMS 0x0000000604400000| PB 0x0000000604400000| Untracked 
|  11|0x0000000604800000, 0x0000000604800000, 0x0000000604c00000|  0%| F|  |TAMS 0x0000000604800000| PB 0x0000000604800000| Untracked 
|  12|0x0000000604c00000, 0x0000000604c00000, 0x0000000605000000|  0%| F|  |TAMS 0x0000000604c00000| PB 0x0000000604c00000| Untracked 
|  13|0x0000000605000000, 0x0000000605000000, 0x0000000605400000|  0%| F|  |TAMS 0x0000000605000000| PB 0x0000000605000000| Untracked 
|  14|0x0000000605400000, 0x0000000605400000, 0x0000000605800000|  0%| F|  |TAMS 0x0000000605400000| PB 0x0000000605400000| Untracked 
|  15|0x0000000605800000, 0x0000000605800000, 0x0000000605c00000|  0%| F|  |TAMS 0x0000000605800000| PB 0x0000000605800000| Untracked 
|  16|0x0000000605c00000, 0x0000000605c00000, 0x0000000606000000|  0%| F|  |TAMS 0x0000000605c00000| PB 0x0000000605c00000| Untracked 
|  17|0x0000000606000000, 0x0000000606000000, 0x0000000606400000|  0%| F|  |TAMS 0x0000000606000000| PB 0x0000000606000000| Untracked 
|  18|0x0000000606400000, 0x0000000606400000, 0x0000000606800000|  0%| F|  |TAMS 0x0000000606400000| PB 0x0000000606400000| Untracked 
|  19|0x0000000606800000, 0x0000000606800000, 0x0000000606c00000|  0%| F|  |TAMS 0x0000000606800000| PB 0x0000000606800000| Untracked 
|  20|0x0000000606c00000, 0x0000000606c00000, 0x0000000607000000|  0%| F|  |TAMS 0x0000000606c00000| PB 0x0000000606c00000| Untracked 
|  21|0x0000000607000000, 0x0000000607000000, 0x0000000607400000|  0%| F|  |TAMS 0x0000000607000000| PB 0x0000000607000000| Untracked 
|  22|0x0000000607400000, 0x0000000607400000, 0x0000000607800000|  0%| F|  |TAMS 0x0000000607400000| PB 0x0000000607400000| Untracked 
|  23|0x0000000607800000, 0x0000000607800000, 0x0000000607c00000|  0%| F|  |TAMS 0x0000000607800000| PB 0x0000000607800000| Untracked 
|  24|0x0000000607c00000, 0x0000000607c00000, 0x0000000608000000|  0%| F|  |TAMS 0x0000000607c00000| PB 0x0000000607c00000| Untracked 
|  25|0x0000000608000000, 0x0000000608000000, 0x0000000608400000|  0%| F|  |TAMS 0x0000000608000000| PB 0x0000000608000000| Untracked 
|  26|0x0000000608400000, 0x0000000608400000, 0x0000000608800000|  0%| F|  |TAMS 0x0000000608400000| PB 0x0000000608400000| Untracked 
|  27|0x0000000608800000, 0x0000000608800000, 0x0000000608c00000|  0%| F|  |TAMS 0x0000000608800000| PB 0x0000000608800000| Untracked 
|  28|0x0000000608c00000, 0x0000000608c00000, 0x0000000609000000|  0%| F|  |TAMS 0x0000000608c00000| PB 0x0000000608c00000| Untracked 
|  29|0x0000000609000000, 0x0000000609000000, 0x0000000609400000|  0%| F|  |TAMS 0x0000000609000000| PB 0x0000000609000000| Untracked 
|  30|0x0000000609400000, 0x0000000609400000, 0x0000000609800000|  0%| F|  |TAMS 0x0000000609400000| PB 0x0000000609400000| Untracked 
|  31|0x0000000609800000, 0x0000000609800000, 0x0000000609c00000|  0%| F|  |TAMS 0x0000000609800000| PB 0x0000000609800000| Untracked 
|  32|0x0000000609c00000, 0x0000000609c00000, 0x000000060a000000|  0%| F|  |TAMS 0x0000000609c00000| PB 0x0000000609c00000| Untracked 
|  33|0x000000060a000000, 0x000000060a000000, 0x000000060a400000|  0%| F|  |TAMS 0x000000060a000000| PB 0x000000060a000000| Untracked 
|  34|0x000000060a400000, 0x000000060a400000, 0x000000060a800000|  0%| F|  |TAMS 0x000000060a400000| PB 0x000000060a400000| Untracked 
|  35|0x000000060a800000, 0x000000060a800000, 0x000000060ac00000|  0%| F|  |TAMS 0x000000060a800000| PB 0x000000060a800000| Untracked 
|  36|0x000000060ac00000, 0x000000060ac00000, 0x000000060b000000|  0%| F|  |TAMS 0x000000060ac00000| PB 0x000000060ac00000| Untracked 
|  37|0x000000060b000000, 0x000000060b000000, 0x000000060b400000|  0%| F|  |TAMS 0x000000060b000000| PB 0x000000060b000000| Untracked 
|  38|0x000000060b400000, 0x000000060b400000, 0x000000060b800000|  0%| F|  |TAMS 0x000000060b400000| PB 0x000000060b400000| Untracked 
|  39|0x000000060b800000, 0x000000060b800000, 0x000000060bc00000|  0%| F|  |TAMS 0x000000060b800000| PB 0x000000060b800000| Untracked 
|  40|0x000000060bc00000, 0x000000060bc00000, 0x000000060c000000|  0%| F|  |TAMS 0x000000060bc00000| PB 0x000000060bc00000| Untracked 
|  41|0x000000060c000000, 0x000000060c000000, 0x000000060c400000|  0%| F|  |TAMS 0x000000060c000000| PB 0x000000060c000000| Untracked 
|  42|0x000000060c400000, 0x000000060c400000, 0x000000060c800000|  0%| F|  |TAMS 0x000000060c400000| PB 0x000000060c400000| Untracked 
|  43|0x000000060c800000, 0x000000060c800000, 0x000000060cc00000|  0%| F|  |TAMS 0x000000060c800000| PB 0x000000060c800000| Untracked 
|  44|0x000000060cc00000, 0x000000060cc00000, 0x000000060d000000|  0%| F|  |TAMS 0x000000060cc00000| PB 0x000000060cc00000| Untracked 
|  45|0x000000060d000000, 0x000000060d000000, 0x000000060d400000|  0%| F|  |TAMS 0x000000060d000000| PB 0x000000060d000000| Untracked 
|  46|0x000000060d400000, 0x000000060d400000, 0x000000060d800000|  0%| F|  |TAMS 0x000000060d400000| PB 0x000000060d400000| Untracked 
|  47|0x000000060d800000, 0x000000060d800000, 0x000000060dc00000|  0%| F|  |TAMS 0x000000060d800000| PB 0x000000060d800000| Untracked 
|  48|0x000000060dc00000, 0x000000060dc00000, 0x000000060e000000|  0%| F|  |TAMS 0x000000060dc00000| PB 0x000000060dc00000| Untracked 
|  49|0x000000060e000000, 0x000000060e000000, 0x000000060e400000|  0%| F|  |TAMS 0x000000060e000000| PB 0x000000060e000000| Untracked 
|  50|0x000000060e400000, 0x000000060e400000, 0x000000060e800000|  0%| F|  |TAMS 0x000000060e400000| PB 0x000000060e400000| Untracked 
|  51|0x000000060e800000, 0x000000060e800000, 0x000000060ec00000|  0%| F|  |TAMS 0x000000060e800000| PB 0x000000060e800000| Untracked 
|  52|0x000000060ec00000, 0x000000060ec00000, 0x000000060f000000|  0%| F|  |TAMS 0x000000060ec00000| PB 0x000000060ec00000| Untracked 
|  53|0x000000060f000000, 0x000000060f000000, 0x000000060f400000|  0%| F|  |TAMS 0x000000060f000000| PB 0x000000060f000000| Untracked 
|  54|0x000000060f400000, 0x000000060f400000, 0x000000060f800000|  0%| F|  |TAMS 0x000000060f400000| PB 0x000000060f400000| Untracked 
|  55|0x000000060f800000, 0x000000060f800000, 0x000000060fc00000|  0%| F|  |TAMS 0x000000060f800000| PB 0x000000060f800000| Untracked 
|  56|0x000000060fc00000, 0x000000060fc00000, 0x0000000610000000|  0%| F|  |TAMS 0x000000060fc00000| PB 0x000000060fc00000| Untracked 
|  57|0x0000000610000000, 0x0000000610000000, 0x0000000610400000|  0%| F|  |TAMS 0x0000000610000000| PB 0x0000000610000000| Untracked 
|  58|0x0000000610400000, 0x0000000610400000, 0x0000000610800000|  0%| F|  |TAMS 0x0000000610400000| PB 0x0000000610400000| Untracked 
|  59|0x0000000610800000, 0x0000000610800000, 0x0000000610c00000|  0%| F|  |TAMS 0x0000000610800000| PB 0x0000000610800000| Untracked 
|  60|0x0000000610c00000, 0x0000000610c00000, 0x0000000611000000|  0%| F|  |TAMS 0x0000000610c00000| PB 0x0000000610c00000| Untracked 
|  61|0x0000000611000000, 0x0000000611000000, 0x0000000611400000|  0%| F|  |TAMS 0x0000000611000000| PB 0x0000000611000000| Untracked 
|  62|0x0000000611400000, 0x0000000611400000, 0x0000000611800000|  0%| F|  |TAMS 0x0000000611400000| PB 0x0000000611400000| Untracked 
|  63|0x0000000611800000, 0x0000000611800000, 0x0000000611c00000|  0%| F|  |TAMS 0x0000000611800000| PB 0x0000000611800000| Untracked 
|  64|0x0000000611c00000, 0x0000000611c00000, 0x0000000612000000|  0%| F|  |TAMS 0x0000000611c00000| PB 0x0000000611c00000| Untracked 
|  65|0x0000000612000000, 0x0000000612000000, 0x0000000612400000|  0%| F|  |TAMS 0x0000000612000000| PB 0x0000000612000000| Untracked 
|  66|0x0000000612400000, 0x0000000612400000, 0x0000000612800000|  0%| F|  |TAMS 0x0000000612400000| PB 0x0000000612400000| Untracked 
|  67|0x0000000612800000, 0x0000000612800000, 0x0000000612c00000|  0%| F|  |TAMS 0x0000000612800000| PB 0x0000000612800000| Untracked 
|  68|0x0000000612c00000, 0x0000000612c00000, 0x0000000613000000|  0%| F|  |TAMS 0x0000000612c00000| PB 0x0000000612c00000| Untracked 
|  69|0x0000000613000000, 0x0000000613000000, 0x0000000613400000|  0%| F|  |TAMS 0x0000000613000000| PB 0x0000000613000000| Untracked 
|  70|0x0000000613400000, 0x0000000613400000, 0x0000000613800000|  0%| F|  |TAMS 0x0000000613400000| PB 0x0000000613400000| Untracked 
|  71|0x0000000613800000, 0x0000000613800000, 0x0000000613c00000|  0%| F|  |TAMS 0x0000000613800000| PB 0x0000000613800000| Untracked 
|  72|0x0000000613c00000, 0x0000000613c00000, 0x0000000614000000|  0%| F|  |TAMS 0x0000000613c00000| PB 0x0000000613c00000| Untracked 
|  73|0x0000000614000000, 0x0000000614000000, 0x0000000614400000|  0%| F|  |TAMS 0x0000000614000000| PB 0x0000000614000000| Untracked 
|  74|0x0000000614400000, 0x0000000614400000, 0x0000000614800000|  0%| F|  |TAMS 0x0000000614400000| PB 0x0000000614400000| Untracked 
|  75|0x0000000614800000, 0x0000000614800000, 0x0000000614c00000|  0%| F|  |TAMS 0x0000000614800000| PB 0x0000000614800000| Untracked 
|  76|0x0000000614c00000, 0x0000000614c00000, 0x0000000615000000|  0%| F|  |TAMS 0x0000000614c00000| PB 0x0000000614c00000| Untracked 
|  77|0x0000000615000000, 0x0000000615000000, 0x0000000615400000|  0%| F|  |TAMS 0x0000000615000000| PB 0x0000000615000000| Untracked 
|  78|0x0000000615400000, 0x0000000615400000, 0x0000000615800000|  0%| F|  |TAMS 0x0000000615400000| PB 0x0000000615400000| Untracked 
|  79|0x0000000615800000, 0x0000000615800000, 0x0000000615c00000|  0%| F|  |TAMS 0x0000000615800000| PB 0x0000000615800000| Untracked 
|  80|0x0000000615c00000, 0x0000000615c00000, 0x0000000616000000|  0%| F|  |TAMS 0x0000000615c00000| PB 0x0000000615c00000| Untracked 
|  81|0x0000000616000000, 0x0000000616000000, 0x0000000616400000|  0%| F|  |TAMS 0x0000000616000000| PB 0x0000000616000000| Untracked 
|  82|0x0000000616400000, 0x0000000616400000, 0x0000000616800000|  0%| F|  |TAMS 0x0000000616400000| PB 0x0000000616400000| Untracked 
|  83|0x0000000616800000, 0x0000000616800000, 0x0000000616c00000|  0%| F|  |TAMS 0x0000000616800000| PB 0x0000000616800000| Untracked 
|  84|0x0000000616c00000, 0x0000000616c00000, 0x0000000617000000|  0%| F|  |TAMS 0x0000000616c00000| PB 0x0000000616c00000| Untracked 
|  85|0x0000000617000000, 0x0000000617000000, 0x0000000617400000|  0%| F|  |TAMS 0x0000000617000000| PB 0x0000000617000000| Untracked 
|  86|0x0000000617400000, 0x0000000617400000, 0x0000000617800000|  0%| F|  |TAMS 0x0000000617400000| PB 0x0000000617400000| Untracked 
|  87|0x0000000617800000, 0x0000000617800000, 0x0000000617c00000|  0%| F|  |TAMS 0x0000000617800000| PB 0x0000000617800000| Untracked 
|  88|0x0000000617c00000, 0x0000000617c00000, 0x0000000618000000|  0%| F|  |TAMS 0x0000000617c00000| PB 0x0000000617c00000| Untracked 
|  89|0x0000000618000000, 0x0000000618000000, 0x0000000618400000|  0%| F|  |TAMS 0x0000000618000000| PB 0x0000000618000000| Untracked 
|  90|0x0000000618400000, 0x0000000618400000, 0x0000000618800000|  0%| F|  |TAMS 0x0000000618400000| PB 0x0000000618400000| Untracked 
|  91|0x0000000618800000, 0x0000000618800000, 0x0000000618c00000|  0%| F|  |TAMS 0x0000000618800000| PB 0x0000000618800000| Untracked 
|  92|0x0000000618c00000, 0x0000000618c00000, 0x0000000619000000|  0%| F|  |TAMS 0x0000000618c00000| PB 0x0000000618c00000| Untracked 
|  93|0x0000000619000000, 0x0000000619000000, 0x0000000619400000|  0%| F|  |TAMS 0x0000000619000000| PB 0x0000000619000000| Untracked 
|  94|0x0000000619400000, 0x0000000619400000, 0x0000000619800000|  0%| F|  |TAMS 0x0000000619400000| PB 0x0000000619400000| Untracked 
|  95|0x0000000619800000, 0x0000000619800000, 0x0000000619c00000|  0%| F|  |TAMS 0x0000000619800000| PB 0x0000000619800000| Untracked 
|  96|0x0000000619c00000, 0x0000000619c00000, 0x000000061a000000|  0%| F|  |TAMS 0x0000000619c00000| PB 0x0000000619c00000| Untracked 
|  97|0x000000061a000000, 0x000000061a000000, 0x000000061a400000|  0%| F|  |TAMS 0x000000061a000000| PB 0x000000061a000000| Untracked 
|  98|0x000000061a400000, 0x000000061a400000, 0x000000061a800000|  0%| F|  |TAMS 0x000000061a400000| PB 0x000000061a400000| Untracked 
|  99|0x000000061a800000, 0x000000061a800000, 0x000000061ac00000|  0%| F|  |TAMS 0x000000061a800000| PB 0x000000061a800000| Untracked 
| 100|0x000000061ac00000, 0x000000061ac00000, 0x000000061b000000|  0%| F|  |TAMS 0x000000061ac00000| PB 0x000000061ac00000| Untracked 
| 101|0x000000061b000000, 0x000000061b000000, 0x000000061b400000|  0%| F|  |TAMS 0x000000061b000000| PB 0x000000061b000000| Untracked 
| 102|0x000000061b400000, 0x000000061b400000, 0x000000061b800000|  0%| F|  |TAMS 0x000000061b400000| PB 0x000000061b400000| Untracked 
| 103|0x000000061b800000, 0x000000061b800000, 0x000000061bc00000|  0%| F|  |TAMS 0x000000061b800000| PB 0x000000061b800000| Untracked 
| 104|0x000000061bc00000, 0x000000061bc00000, 0x000000061c000000|  0%| F|  |TAMS 0x000000061bc00000| PB 0x000000061bc00000| Untracked 
| 105|0x000000061c000000, 0x000000061c000000, 0x000000061c400000|  0%| F|  |TAMS 0x000000061c000000| PB 0x000000061c000000| Untracked 
| 106|0x000000061c400000, 0x000000061c400000, 0x000000061c800000|  0%| F|  |TAMS 0x000000061c400000| PB 0x000000061c400000| Untracked 
| 107|0x000000061c800000, 0x000000061c800000, 0x000000061cc00000|  0%| F|  |TAMS 0x000000061c800000| PB 0x000000061c800000| Untracked 
| 108|0x000000061cc00000, 0x000000061cc00000, 0x000000061d000000|  0%| F|  |TAMS 0x000000061cc00000| PB 0x000000061cc00000| Untracked 
| 109|0x000000061d000000, 0x000000061d000000, 0x000000061d400000|  0%| F|  |TAMS 0x000000061d000000| PB 0x000000061d000000| Untracked 
| 110|0x000000061d400000, 0x000000061d400000, 0x000000061d800000|  0%| F|  |TAMS 0x000000061d400000| PB 0x000000061d400000| Untracked 
| 111|0x000000061d800000, 0x000000061d800000, 0x000000061dc00000|  0%| F|  |TAMS 0x000000061d800000| PB 0x000000061d800000| Untracked 
| 112|0x000000061dc00000, 0x000000061dc00000, 0x000000061e000000|  0%| F|  |TAMS 0x000000061dc00000| PB 0x000000061dc00000| Untracked 
| 113|0x000000061e000000, 0x000000061e000000, 0x000000061e400000|  0%| F|  |TAMS 0x000000061e000000| PB 0x000000061e000000| Untracked 
| 114|0x000000061e400000, 0x000000061e400000, 0x000000061e800000|  0%| F|  |TAMS 0x000000061e400000| PB 0x000000061e400000| Untracked 
| 115|0x000000061e800000, 0x000000061e800000, 0x000000061ec00000|  0%| F|  |TAMS 0x000000061e800000| PB 0x000000061e800000| Untracked 
| 116|0x000000061ec00000, 0x000000061ec00000, 0x000000061f000000|  0%| F|  |TAMS 0x000000061ec00000| PB 0x000000061ec00000| Untracked 
| 117|0x000000061f000000, 0x000000061f000000, 0x000000061f400000|  0%| F|  |TAMS 0x000000061f000000| PB 0x000000061f000000| Untracked 
| 118|0x000000061f400000, 0x000000061f400000, 0x000000061f800000|  0%| F|  |TAMS 0x000000061f400000| PB 0x000000061f400000| Untracked 
| 119|0x000000061f800000, 0x000000061f800000, 0x000000061fc00000|  0%| F|  |TAMS 0x000000061f800000| PB 0x000000061f800000| Untracked 
| 120|0x000000061fc00000, 0x000000061fc00000, 0x0000000620000000|  0%| F|  |TAMS 0x000000061fc00000| PB 0x000000061fc00000| Untracked 
| 121|0x0000000620000000, 0x0000000620000000, 0x0000000620400000|  0%| F|  |TAMS 0x0000000620000000| PB 0x0000000620000000| Untracked 
| 122|0x0000000620400000, 0x0000000620400000, 0x0000000620800000|  0%| F|  |TAMS 0x0000000620400000| PB 0x0000000620400000| Untracked 
| 123|0x0000000620800000, 0x0000000620800000, 0x0000000620c00000|  0%| F|  |TAMS 0x0000000620800000| PB 0x0000000620800000| Untracked 
| 124|0x0000000620c00000, 0x0000000620c00000, 0x0000000621000000|  0%| F|  |TAMS 0x0000000620c00000| PB 0x0000000620c00000| Untracked 
| 125|0x0000000621000000, 0x000000062107ca20, 0x0000000621400000| 12%| E|  |TAMS 0x0000000621000000| PB 0x0000000621000000| Complete 
| 126|0x0000000621400000, 0x0000000621800000, 0x0000000621800000|100%| E|CS|TAMS 0x0000000621400000| PB 0x0000000621400000| Complete 
| 127|0x0000000621800000, 0x0000000621c00000, 0x0000000621c00000|100%| E|CS|TAMS 0x0000000621800000| PB 0x0000000621800000| Complete 

Card table byte_map: [0x000001ecd7610000,0x000001ecd8610000] _byte_map_base: 0x000001ecd4602000

Marking Bits: (CMBitMap*) 0x000001ecbe732d70
 Bits: [0x000001ecd8610000, 0x000001ece05a0000)

Polling page: 0x000001ecbc650000

Metaspace:

Usage:
  Non-class:      3.20 MB used.
      Class:    201.58 KB used.
       Both:      3.40 MB used.

Virtual space:
  Non-class space:       64.00 MB reserved,       3.25 MB (  5%) committed,  1 nodes.
      Class space:        1.00 GB reserved,     256.00 KB ( <1%) committed,  1 nodes.
             Both:        1.06 GB reserved,       3.50 MB ( <1%) committed. 

Chunk freelists:
   Non-Class:  10.27 MB
       Class:  15.66 MB
        Both:  25.92 MB

MaxMetaspaceSize: unlimited
CompressedClassSpaceSize: 1.00 GB
Initial GC threshold: 21.00 MB
Current GC threshold: 21.00 MB
CDS: on
 - commit_granule_bytes: 65536.
 - commit_granule_words: 8192.
 - virtual_space_node_default_size: 8388608.
 - enlarge_chunks_in_place: 1.
 - use_allocation_guard: 0.


Internal statistics:

num_allocs_failed_limit: 0.
num_arena_births: 64.
num_arena_deaths: 0.
num_vsnodes_births: 2.
num_vsnodes_deaths: 0.
num_space_committed: 56.
num_space_uncommitted: 0.
num_chunks_returned_to_freelist: 0.
num_chunks_taken_from_freelist: 152.
num_chunk_merges: 0.
num_chunk_splits: 103.
num_chunks_enlarged: 72.
num_inconsistent_stats: 0.

CodeHeap 'non-profiled nmethods': size=119168Kb used=194Kb max_used=194Kb free=118973Kb
 bounds [0x000001ecce930000, 0x000001ecceba0000, 0x000001ecd5d90000]
CodeHeap 'profiled nmethods': size=119104Kb used=1040Kb max_used=1040Kb free=118063Kb
 bounds [0x000001ecc6d90000, 0x000001ecc7000000, 0x000001ecce1e0000]
CodeHeap 'non-nmethods': size=7488Kb used=3207Kb max_used=3222Kb free=4280Kb
 bounds [0x000001ecce1e0000, 0x000001ecce510000, 0x000001ecce930000]
 total_blobs=1732 nmethods=677 adapters=958
 compilation: enabled
              stopped_count=0, restarted_count=0
 full_count=0

Compilation events (20 events):
Event: 0.291 Thread 0x000001ece359d5a0  665       3       java.lang.String::indexOf (101 bytes)
Event: 0.292 Thread 0x000001ece359d5a0 nmethod 665 0x000001ecc6e89910 code [0x000001ecc6e89b40, 0x000001ecc6e8a0d8]
Event: 0.292 Thread 0x000001ece359d5a0  666       3       java.lang.Math::clamp (49 bytes)
Event: 0.292 Thread 0x000001ece36c9c80 nmethod 661 0x000001ecc6e8a310 code [0x000001ecc6e8a660, 0x000001ecc6e8bbd8]
Event: 0.292 Thread 0x000001ece36c9c80  667       3       java.lang.Math::min (12 bytes)
Event: 0.292 Thread 0x000001ece36c9c80 nmethod 667 0x000001ecc6e8c510 code [0x000001ecc6e8c6a0, 0x000001ecc6e8c7d0]
Event: 0.292 Thread 0x000001ece36c9c80  672       3       sun.misc.Unsafe::putLong (11 bytes)
Event: 0.292 Thread 0x000001ece36c9c80 nmethod 672 0x000001ecc6e8c890 code [0x000001ecc6e8ca20, 0x000001ecc6e8cb30]
Event: 0.292 Thread 0x000001ece36c9c80  673       3       org.lwjgl.system.MemoryUtil::memPutAddress (29 bytes)
Event: 0.292 Thread 0x000001ece359d5a0 nmethod 666 0x000001ecc6e8cc10 code [0x000001ecc6e8ce60, 0x000001ecc6e8d628]
Event: 0.292 Thread 0x000001ece36c9c80 nmethod 673 0x000001ecc6e8d990 code [0x000001ecc6e8db40, 0x000001ecc6e8dd38]
Event: 0.292 Thread 0x000001ece359d5a0  668       3       sun.net.www.ParseUtil::encodePath (41 bytes)
Event: 0.292 Thread 0x000001ece36c9c80  669       3       java.net.URL::<init> (8 bytes)
Event: 0.292 Thread 0x000001ece36c9c80 nmethod 669 0x000001ecc6e8de10 code [0x000001ecc6e8dfc0, 0x000001ecc6e8e108]
Event: 0.292 Thread 0x000001ece359d5a0 nmethod 668 0x000001ecc6e8e190 code [0x000001ecc6e8e360, 0x000001ecc6e8e5c0]
Event: 0.292 Thread 0x000001ece359cb10 nmethod 652 0x000001ecce95ea10 code [0x000001ecce95eba0, 0x000001ecce95ee80]
Event: 0.292 Thread 0x000001ece359cb10  671       4       java.lang.StringLatin1::replace (198 bytes)
Event: 0.293 Thread 0x000001ece36c71c0 nmethod 670 0x000001ecc6e8e690 code [0x000001ecc6e8eca0, 0x000001ecc6e91ee8]
Event: 0.296 Thread 0x000001ece359d5a0  676       3       java.util.jar.JarFile::maybeInstantiateVerifier (42 bytes)
Event: 0.296 Thread 0x000001ece359d5a0 nmethod 676 0x000001ecc6e93c10 code [0x000001ecc6e93de0, 0x000001ecc6e94160]

GC Heap History (0 events):
No events

Dll operation events (8 events):
Event: 0.003 Loaded shared library C:\Users\user\.jdks\ms-21.0.7\bin\java.dll
Event: 0.028 Loaded shared library C:\Users\user\.jdks\ms-21.0.7\bin\jsvml.dll
Event: 0.042 Loaded shared library C:\Users\user\.jdks\ms-21.0.7\bin\net.dll
Event: 0.043 Loaded shared library C:\Users\user\.jdks\ms-21.0.7\bin\nio.dll
Event: 0.045 Loaded shared library C:\Users\user\.jdks\ms-21.0.7\bin\zip.dll
Event: 0.075 Loaded shared library C:\Users\user\.jdks\ms-21.0.7\bin\jimage.dll
Event: 0.087 Loaded shared library C:\Users\user\AppData\Local\Temp\lwjgl_user\3.3.3+5\x64\lwjgl.dll
Event: 0.289 Loaded shared library C:\Users\user\AppData\Local\Temp\lwjgl_user\3.3.3+5\x64\lwjgl_opengl.dll

Deoptimization events (8 events):
Event: 0.057 Thread 0x000001ecbc2faef0 Uncommon trap: trap_request=0xffffff45 fr.pc=0x000001ecce9377f8 relative=0x00000000000002b8
Event: 0.057 Thread 0x000001ecbc2faef0 Uncommon trap: reason=unstable_if action=reinterpret pc=0x000001ecce9377f8 method=java.lang.StringLatin1.hashCode([B)I @ 2 c2
Event: 0.057 Thread 0x000001ecbc2faef0 DEOPT PACKING pc=0x000001ecce9377f8 sp=0x00000015d23fae90
Event: 0.057 Thread 0x000001ecbc2faef0 DEOPT UNPACKING pc=0x000001ecce2346a2 sp=0x00000015d23fadc8 mode 2
Event: 0.128 Thread 0x000001ecbc2faef0 DEOPT PACKING pc=0x000001ecc6dac24c sp=0x00000015d23f9640
Event: 0.128 Thread 0x000001ecbc2faef0 DEOPT UNPACKING pc=0x000001ecce234e42 sp=0x00000015d23f8a60 mode 0
Event: 0.137 Thread 0x000001ecbc2faef0 DEOPT PACKING pc=0x000001ecc6da9c4c sp=0x00000015d23fd110
Event: 0.137 Thread 0x000001ecbc2faef0 DEOPT UNPACKING pc=0x000001ecce234e42 sp=0x00000015d23fc578 mode 0

Classes loaded (20 events):
Event: 0.117 Loading class java/nio/DirectDoubleBufferU
Event: 0.117 Loading class java/nio/DirectDoubleBufferU done
Event: 0.117 Loading class sun/misc/Unsafe
Event: 0.118 Loading class sun/misc/Unsafe done
Event: 0.118 Loading class java/lang/invoke/DirectMethodHandle$StaticAccessor
Event: 0.118 Loading class java/lang/invoke/DirectMethodHandle$StaticAccessor done
Event: 0.120 Loading class java/util/function/LongPredicate
Event: 0.120 Loading class java/util/function/LongPredicate done
Event: 0.121 Loading class java/lang/foreign/MemorySegment
Event: 0.121 Loading class java/lang/foreign/MemorySegment done
Event: 0.123 Loading class java/nio/InvalidMarkException
Event: 0.123 Loading class java/nio/InvalidMarkException done
Event: 0.123 Loading class java/nio/BufferUnderflowException
Event: 0.123 Loading class java/nio/BufferUnderflowException done
Event: 0.129 Loading class java/util/Formatter$FixedString
Event: 0.129 Loading class java/util/Formatter$FixedString done
Event: 0.137 Loading class java/lang/NoSuchFieldError
Event: 0.137 Loading class java/lang/NoSuchFieldError done
Event: 0.140 Loading class jdk/internal/reflect/MethodHandleIntegerFieldAccessorImpl
Event: 0.140 Loading class jdk/internal/reflect/MethodHandleIntegerFieldAccessorImpl done

Classes unloaded (0 events):
No events

Classes redefined (0 events):
No events

Internal exceptions (20 events):
Event: 0.071 Thread 0x000001ecbc2faef0 Exception <a 'java/lang/NoSuchMethodError'{0x0000000621491430}: 'void java.lang.invoke.DelegatingMethodHandle$Holder.delegate(java.lang.Object, java.lang.Object, int, java.lang.Object)'> (0x0000000621491430) 
thrown [s\src\hotspot\share\interpreter\linkResolver.cpp, line 773]
Event: 0.071 Thread 0x000001ecbc2faef0 Exception <a 'java/lang/NoSuchMethodError'{0x0000000621495458}: 'int java.lang.invoke.DirectMethodHandle$Holder.invokeSpecial(java.lang.Object, java.lang.Object, java.lang.Object)'> (0x0000000621495458) 
thrown [s\src\hotspot\share\interpreter\linkResolver.cpp, line 773]
Event: 0.074 Thread 0x000001ecbc2faef0 Exception <a 'java/lang/NoSuchMethodError'{0x00000006214afee0}: 'void java.lang.System.loadLibrary(java.lang.String, java.lang.Class)'> (0x00000006214afee0) 
thrown [s\src\hotspot\share\interpreter\linkResolver.cpp, line 773]
Event: 0.086 Thread 0x000001ecbc2faef0 Exception <a 'sun/nio/fs/WindowsException'{0x00000006214e61e8}> (0x00000006214e61e8) 
thrown [s\src\hotspot\share\prims\jni.cpp, line 520]
Event: 0.086 Thread 0x000001ecbc2faef0 Exception <a 'sun/nio/fs/WindowsException'{0x00000006214e6728}> (0x00000006214e6728) 
thrown [s\src\hotspot\share\prims\jni.cpp, line 520]
Event: 0.120 Thread 0x000001ecbc2faef0 Exception <a 'java/lang/NoSuchMethodError'{0x000000062157e368}: 'int java.lang.invoke.DirectMethodHandle$Holder.invokeStaticInit(java.lang.Object, java.lang.Object, int, long)'> (0x000000062157e368) 
thrown [s\src\hotspot\share\interpreter\linkResolver.cpp, line 773]
Event: 0.121 Thread 0x000001ecbc2faef0 Exception <a 'java/lang/NoSuchMethodError'{0x0000000621583490}: 'java.lang.Object java.lang.invoke.DirectMethodHandle$Holder.newInvokeSpecial(java.lang.Object, java.lang.Object, int)'> (0x0000000621583490) 
thrown [s\src\hotspot\share\interpreter\linkResolver.cpp, line 773]
Event: 0.122 Thread 0x000001ecbc2faef0 Exception <a 'java/lang/NoSuchMethodError'{0x0000000621592330}: 'int java.lang.invoke.DirectMethodHandle$Holder.invokeStaticInit(java.lang.Object, java.lang.Object, long, long)'> (0x0000000621592330) 
thrown [s\src\hotspot\share\interpreter\linkResolver.cpp, line 773]
Event: 0.122 Thread 0x000001ecbc2faef0 Exception <a 'java/lang/NoSuchMethodError'{0x0000000621597dd8}: 'java.lang.Object java.lang.invoke.DirectMethodHandle$Holder.newInvokeSpecial(java.lang.Object, java.lang.Object, long)'> (0x0000000621597dd8) 
thrown [s\src\hotspot\share\interpreter\linkResolver.cpp, line 773]
Event: 0.122 Thread 0x000001ecbc2faef0 Exception <a 'java/lang/NoSuchMethodError'{0x000000062159bc90}: 'java.lang.Object java.lang.invoke.Invokers$Holder.linkToTargetMethod(java.lang.Object, long, java.lang.Object)'> (0x000000062159bc90) 
thrown [s\src\hotspot\share\interpreter\linkResolver.cpp, line 773]
Event: 0.123 Thread 0x000001ecbc2faef0 Exception <a 'java/lang/NoSuchMethodError'{0x00000006215a2f10}: 'int java.lang.invoke.DirectMethodHandle$Holder.invokeStaticInit(java.lang.Object, java.lang.Object, java.lang.Object, long)'> (0x00000006215a2f10) 
thrown [s\src\hotspot\share\interpreter\linkResolver.cpp, line 773]
Event: 0.136 Thread 0x000001ecbc2faef0 Exception <a 'sun/nio/fs/WindowsException'{0x0000000621648c18}> (0x0000000621648c18) 
thrown [s\src\hotspot\share\prims\jni.cpp, line 520]
Event: 0.136 Thread 0x000001ecbc2faef0 Exception <a 'sun/nio/fs/WindowsException'{0x0000000621648f70}> (0x0000000621648f70) 
thrown [s\src\hotspot\share\prims\jni.cpp, line 520]
Event: 0.140 Thread 0x000001ecbc2faef0 Exception <a 'java/lang/NoSuchMethodError'{0x0000000621661bd0}: 'int java.lang.invoke.Invokers$Holder.invokeExact_MT(java.lang.Object, java.lang.Object)'> (0x0000000621661bd0) 
thrown [s\src\hotspot\share\interpreter\linkResolver.cpp, line 773]
Event: 0.286 Thread 0x000001ecbc2faef0 Exception <a 'java/lang/NoSuchMethodError'{0x000000062178a200}: 'void java.lang.System.load(java.lang.String, java.lang.Class)'> (0x000000062178a200) 
thrown [s\src\hotspot\share\interpreter\linkResolver.cpp, line 773]
Event: 0.286 Thread 0x000001ecbc2faef0 Exception <a 'java/lang/NoSuchMethodError'{0x000000062178cc70}: 'void java.lang.System.loadLibrary(java.lang.String, java.lang.Class)'> (0x000000062178cc70) 
thrown [s\src\hotspot\share\interpreter\linkResolver.cpp, line 773]
Event: 0.289 Thread 0x000001ecbc2faef0 Exception <a 'sun/nio/fs/WindowsException'{0x000000062179bb90}> (0x000000062179bb90) 
thrown [s\src\hotspot\share\prims\jni.cpp, line 520]
Event: 0.289 Thread 0x000001ecbc2faef0 Exception <a 'sun/nio/fs/WindowsException'{0x000000062179bf20}> (0x000000062179bf20) 
thrown [s\src\hotspot\share\prims\jni.cpp, line 520]
Event: 0.291 Thread 0x000001ecbc2faef0 Exception <a 'sun/nio/fs/WindowsException'{0x00000006217a5408}> (0x00000006217a5408) 
thrown [s\src\hotspot\share\prims\jni.cpp, line 520]
Event: 0.291 Thread 0x000001ecbc2faef0 Exception <a 'sun/nio/fs/WindowsException'{0x00000006217a56d8}> (0x00000006217a56d8) 
thrown [s\src\hotspot\share\prims\jni.cpp, line 520]

ZGC Phase Switch (0 events):
No events

VM Operations (2 events):
Event: 0.045 Executing VM operation: HandshakeAllThreads (Deoptimize)
Event: 0.045 Executing VM operation: HandshakeAllThreads (Deoptimize) done

Memory protections (0 events):
No events

Nmethod flushes (0 events):
No events

Events (15 events):
Event: 0.014 Thread 0x000001ecbc2faef0 Thread added: 0x000001ecbc2faef0
Event: 0.026 Thread 0x000001ecbc2faef0 Thread added: 0x000001ece358db10
Event: 0.026 Thread 0x000001ecbc2faef0 Thread added: 0x000001ece358ea20
Event: 0.026 Thread 0x000001ecbc2faef0 Thread added: 0x000001ece35917f0
Event: 0.026 Thread 0x000001ecbc2faef0 Thread added: 0x000001ece35949c0
Event: 0.026 Thread 0x000001ecbc2faef0 Thread added: 0x000001ece3595820
Event: 0.026 Thread 0x000001ecbc2faef0 Thread added: 0x000001ece3596880
Event: 0.027 Thread 0x000001ecbc2faef0 Thread added: 0x000001ece359cb10
Event: 0.027 Thread 0x000001ecbc2faef0 Thread added: 0x000001ece359d5a0
Event: 0.036 Thread 0x000001ece359d5a0 Thread added: 0x000001ece36c71c0
Event: 0.036 Thread 0x000001ece359d5a0 Thread added: 0x000001ece36c9c80
Event: 0.037 Thread 0x000001ecbc2faef0 Thread added: 0x000001ece3708080
Event: 0.038 Thread 0x000001ecbc2faef0 Thread added: 0x000001ece370c8c0
Event: 0.116 Thread 0x000001ece36c9c80 Thread added: 0x000001ece39797d0
Event: 0.277 Thread 0x000001ece39797d0 Thread exited: 0x000001ece39797d0


Dynamic libraries:
0x00007ff73c8a0000 - 0x00007ff73c8ae000 	C:\Users\user\.jdks\ms-21.0.7\bin\java.exe
0x00007ff8e6d70000 - 0x00007ff8e6f68000 	C:\WINDOWS\SYSTEM32\ntdll.dll
0x00007ff8e5410000 - 0x00007ff8e54d2000 	C:\WINDOWS\System32\KERNEL32.DLL
0x00007ff8e4860000 - 0x00007ff8e4b56000 	C:\WINDOWS\System32\KERNELBASE.dll
0x00007ff8e45c0000 - 0x00007ff8e46c0000 	C:\WINDOWS\System32\ucrtbase.dll
0x00007ff8e1450000 - 0x00007ff8e146d000 	C:\Users\user\.jdks\ms-21.0.7\bin\VCRUNTIME140.dll
0x00007ff8e14b0000 - 0x00007ff8e14c8000 	C:\Users\user\.jdks\ms-21.0.7\bin\jli.dll
0x00007ff8e55b0000 - 0x00007ff8e574d000 	C:\WINDOWS\System32\USER32.dll
0x00007ff8e4780000 - 0x00007ff8e47a2000 	C:\WINDOWS\System32\win32u.dll
0x00007ff8cf8c0000 - 0x00007ff8cfb5a000 	C:\WINDOWS\WinSxS\amd64_microsoft.windows.common-controls_6595b64144ccf1df_6.0.19041.4355_none_60b8b9eb71f62e16\COMCTL32.dll
0x00007ff8e5080000 - 0x00007ff8e50ab000 	C:\WINDOWS\System32\GDI32.dll
0x00007ff8e6ac0000 - 0x00007ff8e6b5e000 	C:\WINDOWS\System32\msvcrt.dll
0x00007ff8e4400000 - 0x00007ff8e451a000 	C:\WINDOWS\System32\gdi32full.dll
0x00007ff8e4520000 - 0x00007ff8e45bd000 	C:\WINDOWS\System32\msvcp_win.dll
0x00007ff8e5050000 - 0x00007ff8e507f000 	C:\WINDOWS\System32\IMM32.DLL
0x00007ff8e1490000 - 0x00007ff8e149c000 	C:\Users\user\.jdks\ms-21.0.7\bin\vcruntime140_1.dll
0x00007ff8d8930000 - 0x00007ff8d89bd000 	C:\Users\user\.jdks\ms-21.0.7\bin\msvcp140.dll
0x00007ff86c780000 - 0x00007ff86d518000 	C:\Users\user\.jdks\ms-21.0.7\bin\server\jvm.dll
0x00007ff8e4e70000 - 0x00007ff8e4f1f000 	C:\WINDOWS\System32\ADVAPI32.dll
0x00007ff8e6470000 - 0x00007ff8e650f000 	C:\WINDOWS\System32\sechost.dll
0x00007ff8e4f20000 - 0x00007ff8e5043000 	C:\WINDOWS\System32\RPCRT4.dll
0x00007ff8e4750000 - 0x00007ff8e4777000 	C:\WINDOWS\System32\bcrypt.dll
0x00007ff8e53a0000 - 0x00007ff8e540b000 	C:\WINDOWS\System32\WS2_32.dll
0x00007ff8e3950000 - 0x00007ff8e399b000 	C:\WINDOWS\SYSTEM32\POWRPROF.dll
0x00007ff8ded60000 - 0x00007ff8ded6a000 	C:\WINDOWS\SYSTEM32\VERSION.dll
0x00007ff8da300000 - 0x00007ff8da327000 	C:\WINDOWS\SYSTEM32\WINMM.dll
0x00007ff8e37c0000 - 0x00007ff8e37d2000 	C:\WINDOWS\SYSTEM32\UMPDC.dll
0x00007ff8e2260000 - 0x00007ff8e2272000 	C:\WINDOWS\SYSTEM32\kernel.appcore.dll
0x00007ff8e13f0000 - 0x00007ff8e13fa000 	C:\Users\user\.jdks\ms-21.0.7\bin\jimage.dll
0x00007ff8d9880000 - 0x00007ff8d9a64000 	C:\WINDOWS\SYSTEM32\DBGHELP.DLL
0x00007ff8c4f70000 - 0x00007ff8c4fa4000 	C:\WINDOWS\SYSTEM32\dbgcore.DLL
0x00007ff8e46c0000 - 0x00007ff8e4742000 	C:\WINDOWS\System32\bcryptPrimitives.dll
0x00007ff8e0b60000 - 0x00007ff8e0b80000 	C:\Users\user\.jdks\ms-21.0.7\bin\java.dll
0x00007ff8e5bd0000 - 0x00007ff8e633f000 	C:\WINDOWS\System32\SHELL32.dll
0x00007ff8e2460000 - 0x00007ff8e2c03000 	C:\WINDOWS\SYSTEM32\windows.storage.dll
0x00007ff8e6740000 - 0x00007ff8e6a95000 	C:\WINDOWS\System32\combase.dll
0x00007ff8e3d50000 - 0x00007ff8e3d7b000 	C:\WINDOWS\SYSTEM32\Wldp.dll
0x00007ff8e54e0000 - 0x00007ff8e55ad000 	C:\WINDOWS\System32\OLEAUT32.dll
0x00007ff8e6c20000 - 0x00007ff8e6ccd000 	C:\WINDOWS\System32\SHCORE.dll
0x00007ff8e5220000 - 0x00007ff8e5275000 	C:\WINDOWS\System32\shlwapi.dll
0x00007ff8e4330000 - 0x00007ff8e4355000 	C:\WINDOWS\SYSTEM32\profapi.dll
0x00007ff8d8610000 - 0x00007ff8d86e6000 	C:\Users\user\.jdks\ms-21.0.7\bin\jsvml.dll
0x00007ff8e0b50000 - 0x00007ff8e0b60000 	C:\Users\user\.jdks\ms-21.0.7\bin\net.dll
0x00007ff8e0a20000 - 0x00007ff8e0b2a000 	C:\WINDOWS\SYSTEM32\WINHTTP.dll
0x00007ff8e3b30000 - 0x00007ff8e3b9c000 	C:\WINDOWS\system32\mswsock.dll
0x00007ff8de2a0000 - 0x00007ff8de2b6000 	C:\Users\user\.jdks\ms-21.0.7\bin\nio.dll
0x00007ff8def40000 - 0x00007ff8def58000 	C:\Users\user\.jdks\ms-21.0.7\bin\zip.dll
0x00007ff8ce100000 - 0x00007ff8ce17b000 	C:\Users\user\AppData\Local\Temp\lwjgl_user\3.3.3+5\x64\lwjgl.dll
0x00007ff8b8f90000 - 0x00007ff8b9012000 	C:\Users\user\AppData\Local\Temp\lwjgl_user\3.3.3+5\x64\glfw.dll
0x00007ff8cdfb0000 - 0x00007ff8cdff5000 	C:\WINDOWS\SYSTEM32\dinput8.dll
0x00007ff8ddf60000 - 0x00007ff8ddf71000 	C:\WINDOWS\SYSTEM32\xinput1_4.dll
0x00007ff8e4be0000 - 0x00007ff8e4c2e000 	C:\WINDOWS\System32\cfgmgr32.dll
0x00007ff8e4190000 - 0x00007ff8e41c3000 	C:\WINDOWS\SYSTEM32\DEVOBJ.dll
0x00007ff8e1f60000 - 0x00007ff8e1f8f000 	C:\WINDOWS\SYSTEM32\dwmapi.dll
0x00007ff8cd8e0000 - 0x00007ff8cda32000 	C:\WINDOWS\SYSTEM32\inputhost.dll
0x00007ff8e07e0000 - 0x00007ff8e08d2000 	C:\WINDOWS\SYSTEM32\CoreMessaging.dll
0x00007ff8dfdb0000 - 0x00007ff8dff07000 	C:\WINDOWS\SYSTEM32\wintypes.dll
0x00007ff8dedb0000 - 0x00007ff8deea6000 	C:\WINDOWS\SYSTEM32\PROPSYS.dll
0x00007ff8e0480000 - 0x00007ff8e07db000 	C:\WINDOWS\SYSTEM32\CoreUIComponents.dll
0x00007ff8e3650000 - 0x00007ff8e3683000 	C:\WINDOWS\SYSTEM32\ntmarta.dll
0x00007ff8e1d30000 - 0x00007ff8e1dce000 	C:\WINDOWS\system32\uxtheme.dll
0x00007ff8e5280000 - 0x00007ff8e5395000 	C:\WINDOWS\System32\MSCTF.dll
0x00007ff8cb7a0000 - 0x00007ff8cb8c8000 	C:\WINDOWS\SYSTEM32\opengl32.dll
0x00007ff8cafe0000 - 0x00007ff8cb00c000 	C:\WINDOWS\SYSTEM32\GLU32.dll
0x00007ff8e5160000 - 0x00007ff8e5209000 	C:\WINDOWS\System32\clbcatq.dll
0x00007ff860800000 - 0x00007ff862de8000 	C:\WINDOWS\System32\DriverStore\FileRepository\nvmd.inf_amd64_aa54f7a758543a0a\nvoglv64.dll
0x00007ff8e5750000 - 0x00007ff8e5bc1000 	C:\WINDOWS\System32\SETUPAPI.dll
0x00007ff8e6340000 - 0x00007ff8e646b000 	C:\WINDOWS\System32\ole32.dll
0x00007ff8e1240000 - 0x00007ff8e1254000 	C:\WINDOWS\SYSTEM32\WTSAPI32.dll
0x00007ff8e3fc0000 - 0x00007ff8e3fd2000 	C:\WINDOWS\SYSTEM32\msasn1.dll
0x00007ff8ded20000 - 0x00007ff8ded51000 	C:\WINDOWS\SYSTEM32\cryptnet.dll
0x00007ff8e4c30000 - 0x00007ff8e4d8d000 	C:\WINDOWS\System32\CRYPT32.dll
0x00007ff8e3cc0000 - 0x00007ff8e3ccc000 	C:\WINDOWS\SYSTEM32\cryptbase.dll
0x00007ff8deb50000 - 0x00007ff8dec97000 	C:\WINDOWS\SYSTEM32\drvstore.dll
0x00007ff8e4b60000 - 0x00007ff8e4bd3000 	C:\WINDOWS\System32\WINTRUST.dll
0x00007ff8e50b0000 - 0x00007ff8e50cd000 	C:\WINDOWS\System32\imagehlp.dll
0x00007ff8e3d90000 - 0x00007ff8e3da8000 	C:\WINDOWS\SYSTEM32\CRYPTSP.dll
0x00007ff8e3400000 - 0x00007ff8e3438000 	C:\WINDOWS\system32\rsaenh.dll
0x00007ff8d58f0000 - 0x00007ff8d78de000 	C:\WINDOWS\System32\DriverStore\FileRepository\nvmd.inf_amd64_aa54f7a758543a0a\nvgpucomp64.dll
0x00007ff8db030000 - 0x00007ff8db06b000 	C:\WINDOWS\SYSTEM32\dxcore.dll
0x00007ff8e3080000 - 0x00007ff8e30db000 	C:\WINDOWS\SYSTEM32\WINSTA.dll
0x00007ff8cdc10000 - 0x00007ff8cdd09000 	C:\WINDOWS\SYSTEM32\textinputframework.dll
0x00007ff8b3df0000 - 0x00007ff8b3ec2000 	C:\Windows\System32\IME\IMEKR\imkrtip.dll
0x00007ff8b3a20000 - 0x00007ff8b3b62000 	C:\Windows\System32\IME\shared\imetip.dll
0x00007ff8cf7a0000 - 0x00007ff8cf806000 	C:\WINDOWS\SYSTEM32\OLEACC.dll
0x00007ff8b8870000 - 0x00007ff8b8a1e000 	C:\WINDOWS\SYSTEM32\DUI70.dll
0x00007ff8c9700000 - 0x00007ff8c9741000 	C:\Windows\System32\IME\IMEKR\imkrapi.dll
0x00007ff8e1000000 - 0x00007ff8e10a1000 	C:\WINDOWS\SYSTEM32\policymanager.dll
0x00007ff8e3490000 - 0x00007ff8e351a000 	C:\WINDOWS\SYSTEM32\msvcp110_win.dll
0x00007ff8ce5b0000 - 0x00007ff8ce5ee000 	C:\Windows\System32\IME\shared\imjkapi.dll
0x00007ff8bcfd0000 - 0x00007ff8bd02e000 	C:\Users\user\AppData\Local\Temp\lwjgl_user\3.3.3+5\x64\lwjgl_opengl.dll

dbghelp: loaded successfully - version: 4.0.5 - missing functions: none
symbol engine: initialized successfully - sym options: 0x614 - pdb path: .;C:\Users\user\.jdks\ms-21.0.7\bin;C:\WINDOWS\SYSTEM32;C:\WINDOWS\WinSxS\amd64_microsoft.windows.common-controls_6595b64144ccf1df_6.0.19041.4355_none_60b8b9eb71f62e16;C:\Users\user\.jdks\ms-21.0.7\bin\server;C:\Users\user\AppData\Local\Temp\lwjgl_user\3.3.3+5\x64;C:\WINDOWS\System32\DriverStore\FileRepository\nvmd.inf_amd64_aa54f7a758543a0a;C:\Windows\System32\IME\IMEKR;C:\Windows\System32\IME\shared

VM Arguments:
jvm_args: -Dfile.encoding=UTF-8 -Duser.country=KR -Duser.language=ko -Duser.variant 
java_command: Main
java_class_path (initial): D:\project\minecraft-clone\minecraft-clone\build\classes\java\main;D:\project\minecraft-clone\minecraft-clone\build\resources\main;C:\Users\user\.gradle\caches\modules-2\files-2.1\org.lwjgl\lwjgl-glfw\3.3.3\efa1eb78c5ccd840e9f329717109b5e892d72f8e\lwjgl-glfw-3.3.3.jar;C:\Users\user\.gradle\caches\modules-2\files-2.1\org.lwjgl\lwjgl-glfw\3.3.3\e449e28b4891fc423c54c85fbc5bb0b9efece67a\lwjgl-glfw-3.3.3-natives-windows.jar;C:\Users\user\.gradle\caches\modules-2\files-2.1\org.lwjgl\lwjgl-opengl\3.3.3\2f6b0147078396a58979125a4c947664e98293a\lwjgl-opengl-3.3.3.jar;C:\Users\user\.gradle\caches\modules-2\files-2.1\org.lwjgl\lwjgl-opengl\3.3.3\e6c1eec8be8a71951b830a4d69efc01c6531900c\lwjgl-opengl-3.3.3-natives-windows.jar;C:\Users\user\.gradle\caches\modules-2\files-2.1\org.lwjgl\lwjgl\3.3.3\29589b5f87ed335a6c7e7ee6a5775f81f97ecb84\lwjgl-3.3.3.jar;C:\Users\user\.gradle\caches\modules-2\files-2.1\org.lwjgl\lwjgl\3.3.3\a5ed18a2b82fc91b81f40d717cb1f64c9dcb0540\lwjgl-3.3.3-natives-windows.jar
Launcher Type: SUN_STANDARD

[Global flags]
     intx CICompilerCount                          = 12                                        {product} {ergonomic}
     uint ConcGCThreads                            = 3                                         {product} {ergonomic}
     uint G1ConcRefinementThreads                  = 13                                        {product} {ergonomic}
   size_t G1HeapRegionSize                         = 4194304                                   {product} {ergonomic}
    uintx GCDrainStackTargetSize                   = 64                                        {product} {ergonomic}
   size_t InitialHeapSize                          = 536870912                                 {product} {ergonomic}
   size_t MarkStackSize                            = 4194304                                   {product} {ergonomic}
   size_t MaxHeapSize                              = 8560574464                                {product} {ergonomic}
   size_t MaxNewSize                               = 5133828096                                {product} {ergonomic}
   size_t MinHeapDeltaBytes                        = 4194304                                   {product} {ergonomic}
   size_t MinHeapSize                              = 8388608                                   {product} {ergonomic}
    uintx NonNMethodCodeHeapSize                   = 7602480                                {pd product} {ergonomic}
    uintx NonProfiledCodeHeapSize                  = 122027880                              {pd product} {ergonomic}
    uintx ProfiledCodeHeapSize                     = 122027880                              {pd product} {ergonomic}
    uintx ReservedCodeCacheSize                    = 251658240                              {pd product} {ergonomic}
     bool SegmentedCodeCache                       = true                                      {product} {ergonomic}
   size_t SoftMaxHeapSize                          = 8560574464                             {manageable} {ergonomic}
     bool UseCompressedOops                        = true                           {product lp64_product} {ergonomic}
     bool UseG1GC                                  = true                                      {product} {ergonomic}
     bool UseLargePagesIndividualAllocation        = false                                  {pd product} {ergonomic}

Logging:
Log output configuration:
 #0: stdout all=warning uptime,level,tags foldmultilines=false
 #1: stderr all=off uptime,level,tags foldmultilines=false

Environment Variables:
PATH=C:\WINDOWS\system32;C:\WINDOWS;C:\WINDOWS\System32\Wbem;C:\WINDOWS\System32\WindowsPowerShell\v1.0\;C:\WINDOWS\System32\OpenSSH\;C:\Program Files\Git\cmd;C:\Program Files\Docker\Docker\resources\bin;C:\Program Files\nodejs\;C:\Users\user\AppData\Local\Microsoft\WindowsApps;C:\Users\user\AppData\Local\Programs\Microsoft VS Code\bin;C:\Users\user\AppData\Roaming\npm
USERNAME=user
OS=Windows_NT
PROCESSOR_IDENTIFIER=AMD64 Family 25 Model 33 Stepping 0, AuthenticAMD
TMP=C:\Users\user\AppData\Local\Temp
TEMP=C:\Users\user\AppData\Local\Temp




Periodic native trim disabled

---------------  S Y S T E M  ---------------

OS:
 Windows 10 , 64 bit Build 19041 (10.0.19041.5678)
OS uptime: 8 days 2:15 hours
Hyper-V role detected

CPU: total 16 (initial active 16) (16 cores per cpu, 2 threads per core) family 25 model 33 stepping 0 microcode 0x0, cx8, cmov, fxsr, ht, mmx, 3dnowpref, sse, sse2, sse3, ssse3, sse4a, sse4.1, sse4.2, popcnt, lzcnt, tsc, tscinvbit, avx, avx2, aes, erms, clmul, bmi1, bmi2, adx, sha, fma, vzeroupper, clflush, clflushopt, hv, rdtscp, rdpid, fsrm, f16c, cet_ss
Processor Information for the first 16 processors :
  Max Mhz: 3801, Current Mhz: 3801, Mhz Limit: 3801

Memory: 4k page, system-wide physical 32650M (16397M free)
TotalPageFile size 37514M (AvailPageFile size 18347M)
current process WorkingSet (physical memory assigned to process): 90M, peak: 90M
current process commit charge ("private bytes"): 691M, peak: 691M

vm_info: OpenJDK 64-Bit Server VM (21.0.7+6-LTS) for windows-amd64 JRE (21.0.7+6-LTS), built on 2025-04-09T22:17:25Z by "MicrosoftCorporation" with unknown MS VC++:1939

END.
